Log file open, 12/07/19 16:51:02
LogWindows: Failed to load 'aqProf.dll' (GetLastError=126)
LogWindows: File 'aqProf.dll' does not exist
LogWindows: Failed to load 'VtuneApi.dll' (GetLastError=126)
LogWindows: File 'VtuneApi.dll' does not exist
LogWindows: Failed to load 'VtuneApi32e.dll' (GetLastError=126)
LogWindows: File 'VtuneApi32e.dll' does not exist
LogConsoleResponse: Display: Failed to find resolution value strings in scalability ini. Falling back to default.
LogInit: Display: Running engine for game: Prototype_01
LogPakFile: Registered encryption key '00000000000000000000000000000000': 0 pak files mounted, 0 remain pending
LogPlatformFile: Not using cached read wrapper
LogTaskGraph: Started task graph with 5 named threads and 23 total threads with 3 sets of task threads.
LogStats: Stats thread started at 0.279923
LogD3D11RHI: Loaded GFSDK_Aftermath_Lib.x64.dll
LogWindows: Failed to load '../../../Engine/Binaries/ThirdParty/libsndfile/Win64/libsndfile-1.dll' (GetLastError=126)
LogWindows: File '../../../Engine/Binaries/ThirdParty/libsndfile/Win64/libsndfile-1.dll' does not exist
LogAudioMixer: Display: Failed to load Sound File dll
LogAudioEditor: Display: LibSoundFile failed to load. Importing audio will not work correctly.
LogICUInternationalization: ICU TimeZone Detection - Raw Offset: +3:00, Platform Override: ''
LogPluginManager: Mounting plugin Paper2D
LogPluginManager: Mounting plugin AISupport
LogPluginManager: Mounting plugin LightPropagationVolume
LogPluginManager: Mounting plugin ActorLayerUtilities
LogPluginManager: Mounting plugin AnimationSharing
LogPluginManager: Mounting plugin CLionSourceCodeAccess
LogPluginManager: Mounting plugin CodeLiteSourceCodeAccess
LogPluginManager: Mounting plugin GitSourceControl
LogPluginManager: Mounting plugin KDevelopSourceCodeAccess
LogPluginManager: Mounting plugin NullSourceCodeAccess
LogPluginManager: Mounting plugin PerforceSourceControl
LogPluginManager: Mounting plugin SubversionSourceControl
LogPluginManager: Mounting plugin UObjectPlugin
LogPluginManager: Mounting plugin VisualStudioCodeSourceCodeAccess
LogPluginManager: Mounting plugin VisualStudioSourceCodeAccess
LogPluginManager: Mounting plugin XCodeSourceCodeAccess
LogPluginManager: Mounting plugin AssetManagerEditor
LogPluginManager: Mounting plugin CryptoKeys
LogPluginManager: Mounting plugin DataValidation
LogPluginManager: Mounting plugin FacialAnimation
LogPluginManager: Mounting plugin GameplayTagsEditor
LogPluginManager: Mounting plugin MacGraphicsSwitching
LogPluginManager: Mounting plugin MaterialAnalyzer
LogPluginManager: Mounting plugin MobileLauncherProfileWizard
LogPluginManager: Mounting plugin PluginBrowser
LogPluginManager: Mounting plugin SpeedTreeImporter
LogPluginManager: Mounting plugin DatasmithContent
LogPluginManager: Mounting plugin VariantManagerContent
LogPluginManager: Mounting plugin AlembicImporter
LogPluginManager: Mounting plugin AppleImageUtils
LogPluginManager: Mounting plugin AppleVision
LogPluginManager: Mounting plugin BackChannel
LogPluginManager: Mounting plugin CharacterAI
LogPluginManager: Mounting plugin GeometryCache
LogPluginManager: Mounting plugin HTML5Networking
LogPluginManager: Mounting plugin ProxyLODPlugin
LogPluginManager: Mounting plugin SkeletalReduction
LogPluginManager: Mounting plugin MagicLeap
LogPluginManager: Mounting plugin MagicLeapMedia
LogPluginManager: Mounting plugin AndroidMedia
LogPluginManager: Mounting plugin AvfMedia
LogPluginManager: Mounting plugin ImgMedia
LogPluginManager: Mounting plugin LinearTimecode
LogPluginManager: Mounting plugin MediaCompositing
LogPluginManager: Mounting plugin MediaPlayerEditor
LogPluginManager: Mounting plugin WebMMedia
LogPluginManager: Mounting plugin WmfMedia
LogPluginManager: Mounting plugin TcpMessaging
LogPluginManager: Mounting plugin UdpMessaging
LogPluginManager: Mounting plugin ActorSequence
LogPluginManager: Mounting plugin LevelSequenceEditor
LogPluginManager: Mounting plugin MatineeToLevelSequence
LogPluginManager: Mounting plugin NetcodeUnitTest
LogPluginManager: Mounting plugin NUTUnrealEngine4
LogPluginManager: Mounting plugin OnlineSubsystemGooglePlay
LogPluginManager: Mounting plugin OnlineSubsystemIOS
LogPluginManager: Mounting plugin OnlineSubsystem
LogPluginManager: Mounting plugin OnlineSubsystemNull
LogPluginManager: Mounting plugin OnlineSubsystemUtils
LogPluginManager: Mounting plugin LauncherChunkInstaller
LogPluginManager: Mounting plugin AndroidDeviceProfileSelector
LogPluginManager: Mounting plugin AndroidMoviePlayer
LogPluginManager: Mounting plugin AndroidPermission
LogPluginManager: Mounting plugin AppleMoviePlayer
LogPluginManager: Mounting plugin ArchVisCharacter
LogPluginManager: Mounting plugin AudioCapture
LogPluginManager: Mounting plugin CableComponent
LogPluginManager: Mounting plugin CustomMeshComponent
LogPluginManager: Mounting plugin EditableMesh
LogPluginManager: Mounting plugin ExampleDeviceProfileSelector
LogPluginManager: Mounting plugin Firebase
LogPluginManager: Mounting plugin GoogleCloudMessaging
LogPluginManager: Mounting plugin IOSDeviceProfileSelector
LogPluginManager: Mounting plugin LinuxDeviceProfileSelector
LogPluginManager: Mounting plugin LocationServicesBPLibrary
LogPluginManager: Mounting plugin MobilePatchingUtils
LogPluginManager: Mounting plugin OculusVR
LogPluginManager: Mounting plugin PhysXVehicles
LogPluginManager: Mounting plugin ProceduralMeshComponent
LogPluginManager: Mounting plugin RuntimePhysXCooking
LogPluginManager: Mounting plugin SignificanceManager
LogPluginManager: Mounting plugin SteamVR
LogPluginManager: Mounting plugin WebMMoviePlayer
LogPluginManager: Mounting plugin WindowsMoviePlayer
LogInit: Using libcurl 7.55.1-DEV
LogInit:  - built for x86_64-pc-win32
LogInit:  - supports SSL with OpenSSL/1.1.1
LogInit:  - supports HTTP deflate (compression) using libz 1.2.8
LogInit:  - other features:
LogInit:      CURL_VERSION_SSL
LogInit:      CURL_VERSION_LIBZ
LogInit:      CURL_VERSION_IPV6
LogInit:      CURL_VERSION_ASYNCHDNS
LogInit:      CURL_VERSION_LARGEFILE
LogInit:      CURL_VERSION_IDN
LogInit:  CurlRequestOptions (configurable via config and command line):
LogInit:  - bVerifyPeer = true  - Libcurl will verify peer certificate
LogInit:  - bUseHttpProxy = false  - Libcurl will NOT use HTTP proxy
LogInit:  - bDontReuseConnections = false  - Libcurl will reuse connections
LogInit:  - MaxHostConnections = 16  - Libcurl will limit the number of connections to a host
LogInit:  - LocalHostAddr = Default
LogInit:  - BufferSize = 65536
LogInit: WinSock: version 1.1 (2.2), MaxSocks=32767, MaxUdp=65467
LogInit: Build: ++UE4+Release-4.22-CL-5660361
LogInit: Engine Version: 4.22.0-5660361+++UE4+Release-4.22
LogInit: Compatible Engine Version: 4.22.0-5660361+++UE4+Release-4.22
LogInit: Net CL: 5660361
LogInit: OS: Windows 10 (Release 1809) (), CPU:         Intel(R) Core(TM) i7-3770 CPU @ 3.40GHz, GPU: NVIDIA GeForce GTX 1060 3GB
LogInit: Compiled (64-bit): Mar 31 2019 02:05:09
LogInit: Compiled with Visual C++: 19.16.27025.01
LogInit: Build Configuration: Development
LogInit: Branch Name: ++UE4+Release-4.22
LogInit: Command Line: 
LogInit: Base Directory: C:/Program Files/Epic Games/UE_4.22/Engine/Binaries/Win64/
LogInit: Installed Engine Build: 1
LogDevObjectVersion: Number of dev versions registered: 23
LogDevObjectVersion:   Dev-Blueprints (B0D832E4-1F89-4F0D-ACCF-7EB736FD4AA2): 10
LogDevObjectVersion:   Dev-Build (E1C64328-A22C-4D53-A36C-8E866417BD8C): 0
LogDevObjectVersion:   Dev-Core (375EC13C-06E4-48FB-B500-84F0262A717E): 3
LogDevObjectVersion:   Dev-Editor (E4B068ED-F494-42E9-A231-DA0B2E46BB41): 30
LogDevObjectVersion:   Dev-Framework (CFFC743F-43B0-4480-9391-14DF171D2073): 35
LogDevObjectVersion:   Dev-Mobile (B02B49B5-BB20-44E9-A304-32B752E40360): 2
LogDevObjectVersion:   Dev-Networking (A4E4105C-59A1-49B5-A7C5-40C4547EDFEE): 0
LogDevObjectVersion:   Dev-Online (39C831C9-5AE6-47DC-9A44-9C173E1C8E7C): 0
LogDevObjectVersion:   Dev-Physics (78F01B33-EBEA-4F98-B9B4-84EACCB95AA2): 0
LogDevObjectVersion:   Dev-Platform (6631380F-2D4D-43E0-8009-CF276956A95A): 0
LogDevObjectVersion:   Dev-Rendering (12F88B9F-8875-4AFC-A67C-D90C383ABD29): 28
LogDevObjectVersion:   Dev-Sequencer (7B5AE74C-D270-4C10-A958-57980B212A5A): 11
LogDevObjectVersion:   Dev-VR (D7296918-1DD6-4BDD-9DE2-64A83CC13884): 2
LogDevObjectVersion:   Dev-LoadTimes (C2A15278-BFE7-4AFE-6C17-90FF531DF755): 1
LogDevObjectVersion:   Private-Geometry (6EACA3D4-40EC-4CC1-B786-8BED09428FC5): 3
LogDevObjectVersion:   Dev-AnimPhys (29E575DD-E0A3-4627-9D10-D276232CDCEA): 17
LogDevObjectVersion:   Dev-Anim (AF43A65D-7FD3-4947-9873-3E8ED9C1BB05): 2
LogDevObjectVersion:   Dev-ReflectionCapture (6B266CEC-1EC7-4B8F-A30B-E4D90942FC07): 1
LogDevObjectVersion:   Dev-Automation (0DF73D61-A23F-47EA-B727-89E90C41499A): 1
LogDevObjectVersion:   FortniteMain (601D1886-AC64-4F84-AA16-D3DE0DEAC7D6): 25
LogDevObjectVersion:   Dev-Enterprise (9DFFBCD6-494F-0158-E221-12823C92A888): 6
LogDevObjectVersion:   Dev-Niagara (F2AED0AC-9AFE-416F-8664-AA7FFA26D6FC): 1
LogDevObjectVersion:   Dev-Destruction (174F1F0B-B4C6-45A5-B13F-2EE8D0FB917D): 2
LogInit: Presizing for max 16777216 objects, including 0 objects not considered by GC, pre-allocating 0 bytes for permanent pool.
LogInit: Object subsystem initialized
LogConfig: Setting CVar [[con.DebugEarlyDefault:1]]
LogConfig: Setting CVar [[r.setres:1280x720]]
[2019.12.07-13.51.02:734][  0]LogConfig: Setting CVar [[r.VSync:0]]
[2019.12.07-13.51.02:734][  0]LogConfig: Setting CVar [[r.RHICmdBypass:0]]
[2019.12.07-13.51.02:734][  0]LogConfig: Applying CVar settings from Section [/Script/Engine.RendererSettings] File [C:/Users/PC/Documents/GitHub/Gothic-Platformer/Prototype_01/Saved/Config/Windows/Engine.ini]
[2019.12.07-13.51.02:735][  0]LogConfig: Setting CVar [[r.GPUCrashDebugging:0]]
[2019.12.07-13.51.02:735][  0]LogConfig: Applying CVar settings from Section [/Script/Engine.RendererOverrideSettings] File [C:/Users/PC/Documents/GitHub/Gothic-Platformer/Prototype_01/Saved/Config/Windows/Engine.ini]
[2019.12.07-13.51.02:735][  0]LogConfig: Applying CVar settings from Section [/Script/Engine.StreamingSettings] File [C:/Users/PC/Documents/GitHub/Gothic-Platformer/Prototype_01/Saved/Config/Windows/Engine.ini]
[2019.12.07-13.51.02:735][  0]LogConfig: Setting CVar [[s.MinBulkDataSizeForAsyncLoading:131072]]
[2019.12.07-13.51.02:735][  0]LogConfig: Setting CVar [[s.AsyncLoadingThreadEnabled:0]]
[2019.12.07-13.51.02:735][  0]LogConfig: Setting CVar [[s.EventDrivenLoaderEnabled:1]]
[2019.12.07-13.51.02:735][  0]LogConfig: Setting CVar [[s.WarnIfTimeLimitExceeded:0]]
[2019.12.07-13.51.02:735][  0]LogConfig: Setting CVar [[s.TimeLimitExceededMultiplier:1.5]]
[2019.12.07-13.51.02:735][  0]LogConfig: Setting CVar [[s.TimeLimitExceededMinTime:0.005]]
[2019.12.07-13.51.02:735][  0]LogConfig: Setting CVar [[s.UseBackgroundLevelStreaming:1]]
[2019.12.07-13.51.02:735][  0]LogConfig: Setting CVar [[s.PriorityAsyncLoadingExtraTime:15.0]]
[2019.12.07-13.51.02:735][  0]LogConfig: Setting CVar [[s.LevelStreamingActorsUpdateTimeLimit:5.0]]
[2019.12.07-13.51.02:735][  0]LogConfig: Setting CVar [[s.PriorityLevelStreamingActorsUpdateExtraTime:5.0]]
[2019.12.07-13.51.02:735][  0]LogConfig: Setting CVar [[s.LevelStreamingComponentsRegistrationGranularity:10]]
[2019.12.07-13.51.02:735][  0]LogConfig: Setting CVar [[s.UnregisterComponentsTimeLimit:1.0]]
[2019.12.07-13.51.02:735][  0]LogConfig: Setting CVar [[s.LevelStreamingComponentsUnregistrationGranularity:5]]
[2019.12.07-13.51.02:735][  0]LogConfig: Applying CVar settings from Section [/Script/Engine.GarbageCollectionSettings] File [C:/Users/PC/Documents/GitHub/Gothic-Platformer/Prototype_01/Saved/Config/Windows/Engine.ini]
[2019.12.07-13.51.02:735][  0]LogConfig: Setting CVar [[gc.MaxObjectsNotConsideredByGC:1]]
[2019.12.07-13.51.02:735][  0]LogConfig: Setting CVar [[gc.SizeOfPermanentObjectPool:0]]
[2019.12.07-13.51.02:735][  0]LogConfig: Setting CVar [[gc.FlushStreamingOnGC:0]]
[2019.12.07-13.51.02:735][  0]LogConfig: Setting CVar [[gc.NumRetriesBeforeForcingGC:10]]
[2019.12.07-13.51.02:735][  0]LogConfig: Setting CVar [[gc.AllowParallelGC:1]]
[2019.12.07-13.51.02:735][  0]LogConfig: Setting CVar [[gc.TimeBetweenPurgingPendingKillObjects:61.1]]
[2019.12.07-13.51.02:735][  0]LogConfig: Setting CVar [[gc.MaxObjectsInEditor:16777216]]
[2019.12.07-13.51.02:735][  0]LogConfig: Setting CVar [[gc.IncrementalBeginDestroyEnabled:1]]
[2019.12.07-13.51.02:735][  0]LogConfig: Setting CVar [[gc.CreateGCClusters:1]]
[2019.12.07-13.51.02:735][  0]LogConfig: Setting CVar [[gc.MinGCClusterSize:5]]
[2019.12.07-13.51.02:735][  0]LogConfig: Setting CVar [[gc.ActorClusteringEnabled:0]]
[2019.12.07-13.51.02:735][  0]LogConfig: Setting CVar [[gc.BlueprintClusteringEnabled:0]]
[2019.12.07-13.51.02:735][  0]LogConfig: Setting CVar [[gc.UseDisregardForGCOnDedicatedServers:0]]
[2019.12.07-13.51.02:735][  0]LogConfig: Applying CVar settings from Section [/Script/Engine.NetworkSettings] File [C:/Users/PC/Documents/GitHub/Gothic-Platformer/Prototype_01/Saved/Config/Windows/Engine.ini]
[2019.12.07-13.51.02:735][  0]LogConfig: Applying CVar settings from Section [/Script/UnrealEd.CookerSettings] File [C:/Users/PC/Documents/GitHub/Gothic-Platformer/Prototype_01/Saved/Config/Windows/Engine.ini]
[2019.12.07-13.51.02:738][  0]LogConfig: Applying CVar settings from Section [ViewDistanceQuality@3] File [C:/Users/PC/Documents/GitHub/Gothic-Platformer/Prototype_01/Saved/Config/Windows/Scalability.ini]
[2019.12.07-13.51.02:738][  0]LogConfig: Setting CVar [[r.SkeletalMeshLODBias:0]]
[2019.12.07-13.51.02:738][  0]LogConfig: Setting CVar [[r.ViewDistanceScale:1.0]]
[2019.12.07-13.51.02:738][  0]LogConfig: Applying CVar settings from Section [AntiAliasingQuality@3] File [C:/Users/PC/Documents/GitHub/Gothic-Platformer/Prototype_01/Saved/Config/Windows/Scalability.ini]
[2019.12.07-13.51.02:738][  0]LogConfig: Setting CVar [[r.PostProcessAAQuality:4]]
[2019.12.07-13.51.02:738][  0]LogConfig: Applying CVar settings from Section [ShadowQuality@3] File [C:/Users/PC/Documents/GitHub/Gothic-Platformer/Prototype_01/Saved/Config/Windows/Scalability.ini]
[2019.12.07-13.51.02:738][  0]LogConfig: Setting CVar [[r.LightFunctionQuality:1]]
[2019.12.07-13.51.02:738][  0]LogConfig: Setting CVar [[r.ShadowQuality:5]]
[2019.12.07-13.51.02:738][  0]LogConfig: Setting CVar [[r.Shadow.CSM.MaxCascades:10]]
[2019.12.07-13.51.02:738][  0]LogConfig: Setting CVar [[r.Shadow.MaxResolution:2048]]
[2019.12.07-13.51.02:738][  0]LogConfig: Setting CVar [[r.Shadow.MaxCSMResolution:2048]]
[2019.12.07-13.51.02:738][  0]LogConfig: Setting CVar [[r.Shadow.RadiusThreshold:0.01]]
[2019.12.07-13.51.02:738][  0]LogConfig: Setting CVar [[r.Shadow.DistanceScale:1.0]]
[2019.12.07-13.51.02:738][  0]LogConfig: Setting CVar [[r.Shadow.CSM.TransitionScale:1.0]]
[2019.12.07-13.51.02:738][  0]LogConfig: Setting CVar [[r.Shadow.PreShadowResolutionFactor:1.0]]
[2019.12.07-13.51.02:738][  0]LogConfig: Setting CVar [[r.DistanceFieldShadowing:1]]
[2019.12.07-13.51.02:738][  0]LogConfig: Setting CVar [[r.DistanceFieldAO:1]]
[2019.12.07-13.51.02:738][  0]LogConfig: Setting CVar [[r.AOQuality:2]]
[2019.12.07-13.51.02:739][  0]LogConfig: Setting CVar [[r.VolumetricFog:1]]
[2019.12.07-13.51.02:739][  0]LogConfig: Setting CVar [[r.VolumetricFog.GridPixelSize:8]]
[2019.12.07-13.51.02:739][  0]LogConfig: Setting CVar [[r.VolumetricFog.GridSizeZ:128]]
[2019.12.07-13.51.02:739][  0]LogConfig: Setting CVar [[r.VolumetricFog.HistoryMissSupersampleCount:4]]
[2019.12.07-13.51.02:739][  0]LogConfig: Setting CVar [[r.LightMaxDrawDistanceScale:1]]
[2019.12.07-13.51.02:739][  0]LogConfig: Setting CVar [[r.CapsuleShadows:1]]
[2019.12.07-13.51.02:739][  0]LogConfig: Applying CVar settings from Section [PostProcessQuality@3] File [C:/Users/PC/Documents/GitHub/Gothic-Platformer/Prototype_01/Saved/Config/Windows/Scalability.ini]
[2019.12.07-13.51.02:739][  0]LogConfig: Setting CVar [[r.MotionBlurQuality:4]]
[2019.12.07-13.51.02:739][  0]LogConfig: Setting CVar [[r.AmbientOcclusionMipLevelFactor:0.4]]
[2019.12.07-13.51.02:739][  0]LogConfig: Setting CVar [[r.AmbientOcclusionMaxQuality:100]]
[2019.12.07-13.51.02:739][  0]LogConfig: Setting CVar [[r.AmbientOcclusionLevels:-1]]
[2019.12.07-13.51.02:739][  0]LogConfig: Setting CVar [[r.AmbientOcclusionRadiusScale:1.0]]
[2019.12.07-13.51.02:739][  0]LogConfig: Setting CVar [[r.DepthOfFieldQuality:2]]
[2019.12.07-13.51.02:739][  0]LogConfig: Setting CVar [[r.RenderTargetPoolMin:400]]
[2019.12.07-13.51.02:739][  0]LogConfig: Setting CVar [[r.LensFlareQuality:2]]
[2019.12.07-13.51.02:739][  0]LogConfig: Setting CVar [[r.SceneColorFringeQuality:1]]
[2019.12.07-13.51.02:739][  0]LogConfig: Setting CVar [[r.EyeAdaptationQuality:2]]
[2019.12.07-13.51.02:739][  0]LogConfig: Setting CVar [[r.BloomQuality:5]]
[2019.12.07-13.51.02:739][  0]LogConfig: Setting CVar [[r.FastBlurThreshold:100]]
[2019.12.07-13.51.02:739][  0]LogConfig: Setting CVar [[r.Upscale.Quality:3]]
[2019.12.07-13.51.02:739][  0]LogConfig: Setting CVar [[r.Tonemapper.GrainQuantization:1]]
[2019.12.07-13.51.02:739][  0]LogConfig: Setting CVar [[r.LightShaftQuality:1]]
[2019.12.07-13.51.02:739][  0]LogConfig: Setting CVar [[r.Filter.SizeScale:1]]
[2019.12.07-13.51.02:739][  0]LogConfig: Setting CVar [[r.Tonemapper.Quality:5]]
[2019.12.07-13.51.02:739][  0]LogConfig: Setting CVar [[r.DOF.Gather.AccumulatorQuality:1        ; higher gathering accumulator quality]]
[2019.12.07-13.51.02:739][  0]LogConfig: Setting CVar [[r.DOF.Gather.PostfilterMethod:1          ; Median3x3 postfilering method]]
[2019.12.07-13.51.02:739][  0]LogConfig: Setting CVar [[r.DOF.Gather.EnableBokehSettings:0       ; no bokeh simulation when gathering]]
[2019.12.07-13.51.02:739][  0]LogConfig: Setting CVar [[r.DOF.Gather.RingCount:4                 ; medium number of samples when gathering]]
[2019.12.07-13.51.02:739][  0]LogConfig: Setting CVar [[r.DOF.Scatter.ForegroundCompositing:1    ; additive foreground scattering]]
[2019.12.07-13.51.02:739][  0]LogConfig: Setting CVar [[r.DOF.Scatter.BackgroundCompositing:2    ; additive background scattering]]
[2019.12.07-13.51.02:739][  0]LogConfig: Setting CVar [[r.DOF.Scatter.EnableBokehSettings:1      ; bokeh simulation when scattering]]
[2019.12.07-13.51.02:739][  0]LogConfig: Setting CVar [[r.DOF.Scatter.MaxSpriteRatio:0.1         ; only a maximum of 10% of scattered bokeh]]
[2019.12.07-13.51.02:739][  0]LogConfig: Setting CVar [[r.DOF.Recombine.Quality:1                ; cheap slight out of focus]]
[2019.12.07-13.51.02:739][  0]LogConfig: Setting CVar [[r.DOF.Recombine.EnableBokehSettings:0    ; no bokeh simulation on slight out of focus]]
[2019.12.07-13.51.02:739][  0]LogConfig: Setting CVar [[r.DOF.TemporalAAQuality:1                ; more stable temporal accumulation]]
[2019.12.07-13.51.02:739][  0]LogConfig: Setting CVar [[r.DOF.Kernel.MaxForegroundRadius:0.025]]
[2019.12.07-13.51.02:739][  0]LogConfig: Setting CVar [[r.DOF.Kernel.MaxBackgroundRadius:0.025]]
[2019.12.07-13.51.02:739][  0]LogConfig: Applying CVar settings from Section [TextureQuality@3] File [C:/Users/PC/Documents/GitHub/Gothic-Platformer/Prototype_01/Saved/Config/Windows/Scalability.ini]
[2019.12.07-13.51.02:739][  0]LogConfig: Setting CVar [[r.Streaming.MipBias:0]]
[2019.12.07-13.51.02:739][  0]LogConfig: Setting CVar [[r.Streaming.AmortizeCPUToGPUCopy:0]]
[2019.12.07-13.51.02:739][  0]LogConfig: Setting CVar [[r.Streaming.MaxNumTexturesToStreamPerFrame:0]]
[2019.12.07-13.51.02:739][  0]LogConfig: Setting CVar [[r.Streaming.Boost:1]]
[2019.12.07-13.51.02:739][  0]LogConfig: Setting CVar [[r.MaxAnisotropy:8]]
[2019.12.07-13.51.02:739][  0]LogConfig: Setting CVar [[r.Streaming.LimitPoolSizeToVRAM:0]]
[2019.12.07-13.51.02:739][  0]LogConfig: Setting CVar [[r.Streaming.PoolSize:1000]]
[2019.12.07-13.51.02:739][  0]LogConfig: Setting CVar [[r.Streaming.MaxEffectiveScreenSize:0]]
[2019.12.07-13.51.02:739][  0]LogConfig: Applying CVar settings from Section [EffectsQuality@3] File [C:/Users/PC/Documents/GitHub/Gothic-Platformer/Prototype_01/Saved/Config/Windows/Scalability.ini]
[2019.12.07-13.51.02:739][  0]LogConfig: Setting CVar [[r.TranslucencyLightingVolumeDim:64]]
[2019.12.07-13.51.02:740][  0]LogConfig: Setting CVar [[r.RefractionQuality:2]]
[2019.12.07-13.51.02:740][  0]LogConfig: Setting CVar [[r.SSR.Quality:3]]
[2019.12.07-13.51.02:740][  0]LogConfig: Setting CVar [[r.SceneColorFormat:4]]
[2019.12.07-13.51.02:740][  0]LogConfig: Setting CVar [[r.DetailMode:2]]
[2019.12.07-13.51.02:740][  0]LogConfig: Setting CVar [[r.TranslucencyVolumeBlur:1]]
[2019.12.07-13.51.02:740][  0]LogConfig: Setting CVar [[r.MaterialQualityLevel:1 ; High quality]]
[2019.12.07-13.51.02:740][  0]LogConfig: Setting CVar [[r.SSS.Scale:1]]
[2019.12.07-13.51.02:740][  0]LogConfig: Setting CVar [[r.SSS.SampleSet:2]]
[2019.12.07-13.51.02:740][  0]LogConfig: Setting CVar [[r.SSS.Quality:1]]
[2019.12.07-13.51.02:740][  0]LogConfig: Setting CVar [[r.SSS.HalfRes:1]]
[2019.12.07-13.51.02:740][  0]LogConfig: Setting CVar [[r.EmitterSpawnRateScale:1.0]]
[2019.12.07-13.51.02:740][  0]LogConfig: Setting CVar [[r.ParticleLightQuality:2]]
[2019.12.07-13.51.02:740][  0]LogConfig: Applying CVar settings from Section [FoliageQuality@3] File [C:/Users/PC/Documents/GitHub/Gothic-Platformer/Prototype_01/Saved/Config/Windows/Scalability.ini]
[2019.12.07-13.51.02:740][  0]LogConfig: Setting CVar [[foliage.DensityScale:1.0]]
[2019.12.07-13.51.02:740][  0]LogConfig: Setting CVar [[grass.DensityScale:1.0]]
[2019.12.07-13.51.02:740][  0]LogInit: Selected Device Profile: [Windows]
[2019.12.07-13.51.02:740][  0]LogInit: Applying CVar settings loaded from the selected device profile: [Windows]
[2019.12.07-13.51.02:755][  0]LogHAL: Display: Platform has ~ 16 GB [17143074816 / 17179869184 / 16], which maps to Larger [LargestMinGB=32, LargerMinGB=12, DefaultMinGB=8, SmallerMinGB=6, SmallestMinGB=0)
[2019.12.07-13.51.02:755][  0]LogConfig: Setting CVar [[r.Vulkan.UseRealUBs:0		; Required until we fix HLR fall-out]]
[2019.12.07-13.51.02:755][  0]LogInit: Going up to parent DeviceProfile []
[2019.12.07-13.51.02:755][  0]LogConfig: Applying CVar settings from Section [ViewDistanceQuality@3] File [C:/Users/PC/Documents/GitHub/Gothic-Platformer/Prototype_01/Saved/Config/Windows/Scalability.ini]
[2019.12.07-13.51.02:755][  0]LogConfig: Setting CVar [[r.SkeletalMeshLODBias:0]]
[2019.12.07-13.51.02:755][  0]LogConfig: Setting CVar [[r.ViewDistanceScale:1.0]]
[2019.12.07-13.51.02:755][  0]LogConfig: Applying CVar settings from Section [AntiAliasingQuality@3] File [C:/Users/PC/Documents/GitHub/Gothic-Platformer/Prototype_01/Saved/Config/Windows/Scalability.ini]
[2019.12.07-13.51.02:755][  0]LogConfig: Setting CVar [[r.PostProcessAAQuality:4]]
[2019.12.07-13.51.02:756][  0]LogConfig: Applying CVar settings from Section [ShadowQuality@3] File [C:/Users/PC/Documents/GitHub/Gothic-Platformer/Prototype_01/Saved/Config/Windows/Scalability.ini]
[2019.12.07-13.51.02:756][  0]LogConfig: Setting CVar [[r.LightFunctionQuality:1]]
[2019.12.07-13.51.02:756][  0]LogConfig: Setting CVar [[r.ShadowQuality:5]]
[2019.12.07-13.51.02:756][  0]LogConfig: Setting CVar [[r.Shadow.CSM.MaxCascades:10]]
[2019.12.07-13.51.02:756][  0]LogConfig: Setting CVar [[r.Shadow.MaxResolution:2048]]
[2019.12.07-13.51.02:756][  0]LogConfig: Setting CVar [[r.Shadow.MaxCSMResolution:2048]]
[2019.12.07-13.51.02:756][  0]LogConfig: Setting CVar [[r.Shadow.RadiusThreshold:0.01]]
[2019.12.07-13.51.02:756][  0]LogConfig: Setting CVar [[r.Shadow.DistanceScale:1.0]]
[2019.12.07-13.51.02:756][  0]LogConfig: Setting CVar [[r.Shadow.CSM.TransitionScale:1.0]]
[2019.12.07-13.51.02:756][  0]LogConfig: Setting CVar [[r.Shadow.PreShadowResolutionFactor:1.0]]
[2019.12.07-13.51.02:756][  0]LogConfig: Setting CVar [[r.DistanceFieldShadowing:1]]
[2019.12.07-13.51.02:756][  0]LogConfig: Setting CVar [[r.DistanceFieldAO:1]]
[2019.12.07-13.51.02:756][  0]LogConfig: Setting CVar [[r.AOQuality:2]]
[2019.12.07-13.51.02:756][  0]LogConfig: Setting CVar [[r.VolumetricFog:1]]
[2019.12.07-13.51.02:756][  0]LogConfig: Setting CVar [[r.VolumetricFog.GridPixelSize:8]]
[2019.12.07-13.51.02:756][  0]LogConfig: Setting CVar [[r.VolumetricFog.GridSizeZ:128]]
[2019.12.07-13.51.02:756][  0]LogConfig: Setting CVar [[r.VolumetricFog.HistoryMissSupersampleCount:4]]
[2019.12.07-13.51.02:756][  0]LogConfig: Setting CVar [[r.LightMaxDrawDistanceScale:1]]
[2019.12.07-13.51.02:756][  0]LogConfig: Setting CVar [[r.CapsuleShadows:1]]
[2019.12.07-13.51.02:756][  0]LogConfig: Applying CVar settings from Section [PostProcessQuality@3] File [C:/Users/PC/Documents/GitHub/Gothic-Platformer/Prototype_01/Saved/Config/Windows/Scalability.ini]
[2019.12.07-13.51.02:756][  0]LogConfig: Setting CVar [[r.MotionBlurQuality:4]]
[2019.12.07-13.51.02:756][  0]LogConfig: Setting CVar [[r.AmbientOcclusionMipLevelFactor:0.4]]
[2019.12.07-13.51.02:756][  0]LogConfig: Setting CVar [[r.AmbientOcclusionMaxQuality:100]]
[2019.12.07-13.51.02:756][  0]LogConfig: Setting CVar [[r.AmbientOcclusionLevels:-1]]
[2019.12.07-13.51.02:756][  0]LogConfig: Setting CVar [[r.AmbientOcclusionRadiusScale:1.0]]
[2019.12.07-13.51.02:756][  0]LogConfig: Setting CVar [[r.DepthOfFieldQuality:2]]
[2019.12.07-13.51.02:756][  0]LogConfig: Setting CVar [[r.RenderTargetPoolMin:400]]
[2019.12.07-13.51.02:756][  0]LogConfig: Setting CVar [[r.LensFlareQuality:2]]
[2019.12.07-13.51.02:756][  0]LogConfig: Setting CVar [[r.SceneColorFringeQuality:1]]
[2019.12.07-13.51.02:756][  0]LogConfig: Setting CVar [[r.EyeAdaptationQuality:2]]
[2019.12.07-13.51.02:756][  0]LogConfig: Setting CVar [[r.BloomQuality:5]]
[2019.12.07-13.51.02:756][  0]LogConfig: Setting CVar [[r.FastBlurThreshold:100]]
[2019.12.07-13.51.02:756][  0]LogConfig: Setting CVar [[r.Upscale.Quality:3]]
[2019.12.07-13.51.02:756][  0]LogConfig: Setting CVar [[r.Tonemapper.GrainQuantization:1]]
[2019.12.07-13.51.02:756][  0]LogConfig: Setting CVar [[r.LightShaftQuality:1]]
[2019.12.07-13.51.02:756][  0]LogConfig: Setting CVar [[r.Filter.SizeScale:1]]
[2019.12.07-13.51.02:756][  0]LogConfig: Setting CVar [[r.Tonemapper.Quality:5]]
[2019.12.07-13.51.02:756][  0]LogConfig: Setting CVar [[r.DOF.Gather.AccumulatorQuality:1        ; higher gathering accumulator quality]]
[2019.12.07-13.51.02:756][  0]LogConfig: Setting CVar [[r.DOF.Gather.PostfilterMethod:1          ; Median3x3 postfilering method]]
[2019.12.07-13.51.02:756][  0]LogConfig: Setting CVar [[r.DOF.Gather.EnableBokehSettings:0       ; no bokeh simulation when gathering]]
[2019.12.07-13.51.02:756][  0]LogConfig: Setting CVar [[r.DOF.Gather.RingCount:4                 ; medium number of samples when gathering]]
[2019.12.07-13.51.02:756][  0]LogConfig: Setting CVar [[r.DOF.Scatter.ForegroundCompositing:1    ; additive foreground scattering]]
[2019.12.07-13.51.02:756][  0]LogConfig: Setting CVar [[r.DOF.Scatter.BackgroundCompositing:2    ; additive background scattering]]
[2019.12.07-13.51.02:756][  0]LogConfig: Setting CVar [[r.DOF.Scatter.EnableBokehSettings:1      ; bokeh simulation when scattering]]
[2019.12.07-13.51.02:756][  0]LogConfig: Setting CVar [[r.DOF.Scatter.MaxSpriteRatio:0.1         ; only a maximum of 10% of scattered bokeh]]
[2019.12.07-13.51.02:756][  0]LogConfig: Setting CVar [[r.DOF.Recombine.Quality:1                ; cheap slight out of focus]]
[2019.12.07-13.51.02:756][  0]LogConfig: Setting CVar [[r.DOF.Recombine.EnableBokehSettings:0    ; no bokeh simulation on slight out of focus]]
[2019.12.07-13.51.02:756][  0]LogConfig: Setting CVar [[r.DOF.TemporalAAQuality:1                ; more stable temporal accumulation]]
[2019.12.07-13.51.02:756][  0]LogConfig: Setting CVar [[r.DOF.Kernel.MaxForegroundRadius:0.025]]
[2019.12.07-13.51.02:756][  0]LogConfig: Setting CVar [[r.DOF.Kernel.MaxBackgroundRadius:0.025]]
[2019.12.07-13.51.02:756][  0]LogConfig: Applying CVar settings from Section [TextureQuality@3] File [C:/Users/PC/Documents/GitHub/Gothic-Platformer/Prototype_01/Saved/Config/Windows/Scalability.ini]
[2019.12.07-13.51.02:756][  0]LogConfig: Setting CVar [[r.Streaming.MipBias:0]]
[2019.12.07-13.51.02:756][  0]LogConfig: Setting CVar [[r.Streaming.AmortizeCPUToGPUCopy:0]]
[2019.12.07-13.51.02:756][  0]LogConfig: Setting CVar [[r.Streaming.MaxNumTexturesToStreamPerFrame:0]]
[2019.12.07-13.51.02:756][  0]LogConfig: Setting CVar [[r.Streaming.Boost:1]]
[2019.12.07-13.51.02:756][  0]LogConfig: Setting CVar [[r.MaxAnisotropy:8]]
[2019.12.07-13.51.02:756][  0]LogConfig: Setting CVar [[r.Streaming.LimitPoolSizeToVRAM:0]]
[2019.12.07-13.51.02:756][  0]LogConfig: Setting CVar [[r.Streaming.PoolSize:1000]]
[2019.12.07-13.51.02:756][  0]LogConfig: Setting CVar [[r.Streaming.MaxEffectiveScreenSize:0]]
[2019.12.07-13.51.02:756][  0]LogConfig: Applying CVar settings from Section [EffectsQuality@3] File [C:/Users/PC/Documents/GitHub/Gothic-Platformer/Prototype_01/Saved/Config/Windows/Scalability.ini]
[2019.12.07-13.51.02:756][  0]LogConfig: Setting CVar [[r.TranslucencyLightingVolumeDim:64]]
[2019.12.07-13.51.02:756][  0]LogConfig: Setting CVar [[r.RefractionQuality:2]]
[2019.12.07-13.51.02:756][  0]LogConfig: Setting CVar [[r.SSR.Quality:3]]
[2019.12.07-13.51.02:756][  0]LogConfig: Setting CVar [[r.SceneColorFormat:4]]
[2019.12.07-13.51.02:757][  0]LogConfig: Setting CVar [[r.DetailMode:2]]
[2019.12.07-13.51.02:757][  0]LogConfig: Setting CVar [[r.TranslucencyVolumeBlur:1]]
[2019.12.07-13.51.02:757][  0]LogConfig: Setting CVar [[r.MaterialQualityLevel:1 ; High quality]]
[2019.12.07-13.51.02:757][  0]LogConfig: Setting CVar [[r.SSS.Scale:1]]
[2019.12.07-13.51.02:757][  0]LogConfig: Setting CVar [[r.SSS.SampleSet:2]]
[2019.12.07-13.51.02:757][  0]LogConfig: Setting CVar [[r.SSS.Quality:1]]
[2019.12.07-13.51.02:757][  0]LogConfig: Setting CVar [[r.SSS.HalfRes:1]]
[2019.12.07-13.51.02:757][  0]LogConfig: Setting CVar [[r.EmitterSpawnRateScale:1.0]]
[2019.12.07-13.51.02:757][  0]LogConfig: Setting CVar [[r.ParticleLightQuality:2]]
[2019.12.07-13.51.02:757][  0]LogConfig: Applying CVar settings from Section [FoliageQuality@3] File [C:/Users/PC/Documents/GitHub/Gothic-Platformer/Prototype_01/Saved/Config/Windows/Scalability.ini]
[2019.12.07-13.51.02:757][  0]LogConfig: Setting CVar [[foliage.DensityScale:1.0]]
[2019.12.07-13.51.02:757][  0]LogConfig: Setting CVar [[grass.DensityScale:1.0]]
[2019.12.07-13.51.02:757][  0]LogConfig: Applying CVar settings from Section [Startup] File [../../../Engine/Config/ConsoleVariables.ini]
[2019.12.07-13.51.02:757][  0]LogConfig: Setting CVar [[net.UseAdaptiveNetUpdateFrequency:0]]
[2019.12.07-13.51.02:757][  0]LogConfig: Setting CVar [[p.chaos.AllowCreatePhysxBodies:1]]
[2019.12.07-13.51.02:757][  0]LogConfig: Applying CVar settings from Section [ConsoleVariables] File [C:/Users/PC/Documents/GitHub/Gothic-Platformer/Prototype_01/Saved/Config/Windows/Engine.ini]
[2019.12.07-13.51.02:757][  0]LogInit: Computer: DESKTOP-F6S5ME9
[2019.12.07-13.51.02:757][  0]LogInit: User: PC
[2019.12.07-13.51.02:757][  0]LogInit: CPU Page size=4096, Cores=4
[2019.12.07-13.51.02:757][  0]LogInit: High frequency timer resolution =10.000000 MHz
[2019.12.07-13.51.02:757][  0]LogMemory: Memory total: Physical=16.0GB (16GB approx)
[2019.12.07-13.51.02:757][  0]LogMemory: Platform Memory Stats for Windows
[2019.12.07-13.51.02:757][  0]LogMemory: Process Physical Memory: 97.13 MB used, 97.13 MB peak
[2019.12.07-13.51.02:757][  0]LogMemory: Process Virtual Memory: 91.45 MB used, 91.45 MB peak
[2019.12.07-13.51.02:757][  0]LogMemory: Physical Memory: 6539.51 MB used,  9809.40 MB free, 16348.91 MB total
[2019.12.07-13.51.02:757][  0]LogMemory: Virtual Memory: 4657.30 MB used,  134213072.00 MB free, 134217728.00 MB total
[2019.12.07-13.51.02:776][  0]LogInit: Using OS detected language (ru-RU).
[2019.12.07-13.51.02:776][  0]LogInit: Using OS detected locale (ru-RU).
[2019.12.07-13.51.02:776][  0]LogTextLocalizationManager: No specific localization for 'ru-RU' exists, so the 'ru' localization will be used.
[2019.12.07-13.51.02:777][  0]LogTextLocalizationResource: LocRes '../../../Engine/Content/Localization/Editor/ru/Editor.locres' could not be opened for reading!
[2019.12.07-13.51.02:777][  0]LogTextLocalizationResource: LocRes '../../../Engine/Content/Localization/EditorTutorials/ru/EditorTutorials.locres' could not be opened for reading!
[2019.12.07-13.51.02:777][  0]LogTextLocalizationResource: LocRes '../../../Engine/Content/Localization/Keywords/ru/Keywords.locres' could not be opened for reading!
[2019.12.07-13.51.02:777][  0]LogTextLocalizationResource: LocRes '../../../Engine/Content/Localization/Category/ru/Category.locres' could not be opened for reading!
[2019.12.07-13.51.02:777][  0]LogTextLocalizationResource: LocRes '../../../Engine/Content/Localization/ToolTips/ru/ToolTips.locres' could not be opened for reading!
[2019.12.07-13.51.02:777][  0]LogTextLocalizationResource: LocRes '../../../Engine/Content/Localization/PropertyNames/ru/PropertyNames.locres' could not be opened for reading!
[2019.12.07-13.51.02:778][  0]LogTextLocalizationResource: LocRes '../../../Engine/Content/Localization/Engine/ru/Engine.locres' could not be opened for reading!
[2019.12.07-13.51.02:778][  0]LogInit: Setting process to per monitor DPI aware
[2019.12.07-13.51.02:811][  0]LogSlate: New Slate User Created.  User Index 0, Is Virtual User: 0
[2019.12.07-13.51.02:812][  0]LogSlate: Slate User Registered.  User Index 0, Is Virtual User: 0
[2019.12.07-13.51.03:040][  0]LogHMD: Failed to initialize OpenVR with code 110
[2019.12.07-13.51.03:040][  0]LogD3D11RHI: D3D11 adapters:
[2019.12.07-13.51.03:125][  0]LogD3D11RHI:    0. 'NVIDIA GeForce GTX 1060 3GB' (Feature Level 11_0)
[2019.12.07-13.51.03:125][  0]LogD3D11RHI:       2988/0/8174 MB DedicatedVideo/DedicatedSystem/SharedSystem, Outputs:1, VendorId:0x10de
[2019.12.07-13.51.03:127][  0]LogD3D11RHI:    1. 'Microsoft Basic Render Driver' (Feature Level 11_0)
[2019.12.07-13.51.03:127][  0]LogD3D11RHI:       0/0/8174 MB DedicatedVideo/DedicatedSystem/SharedSystem, Outputs:0, VendorId:0x1414
[2019.12.07-13.51.03:127][  0]LogD3D11RHI: Chosen D3D11 Adapter: 0
[2019.12.07-13.51.03:137][  0]LogD3D11RHI: Creating new Direct3DDevice
[2019.12.07-13.51.03:137][  0]LogD3D11RHI:     GPU DeviceId: 0x1c02 (for the marketing name, search the web for "GPU Device Id")
[2019.12.07-13.51.03:138][  0]LogWindows: EnumDisplayDevices:
[2019.12.07-13.51.03:138][  0]LogWindows:    0. 'NVIDIA GeForce GTX 1060 3GB' (P:1 D:1)
[2019.12.07-13.51.03:138][  0]LogWindows:    1. 'NVIDIA GeForce GTX 1060 3GB' (P:0 D:0)
[2019.12.07-13.51.03:138][  0]LogWindows:    2. 'NVIDIA GeForce GTX 1060 3GB' (P:0 D:0)
[2019.12.07-13.51.03:138][  0]LogWindows:    3. 'NVIDIA GeForce GTX 1060 3GB' (P:0 D:0)
[2019.12.07-13.51.03:139][  0]LogWindows: DebugString: FoundDriverCount:4 
[2019.12.07-13.51.03:139][  0]LogD3D11RHI:     Adapter Name: NVIDIA GeForce GTX 1060 3GB
[2019.12.07-13.51.03:139][  0]LogD3D11RHI:   Driver Version: 432.00 (internal:26.21.14.3200, unified:432.00)
[2019.12.07-13.51.03:139][  0]LogD3D11RHI:      Driver Date: 7-24-2019
[2019.12.07-13.51.03:139][  0]LogRHI: Texture pool is 2091 MB (70% of 2988 MB)
[2019.12.07-13.51.03:204][  0]LogD3D11RHI: Async texture creation enabled
[2019.12.07-13.51.03:210][  0]LogRendererCore: FGlobalReadBuffer::InitRHI
[2019.12.07-13.51.03:210][  0]LogRendererCore: FGlobalReadBuffer::InitRHI
[2019.12.07-13.51.03:210][  0]LogRendererCore: FGlobalReadBuffer::InitRHI
[2019.12.07-13.51.03:219][  0]LogD3D11RHI: GPU Timing Frequency: 1000.000000 (Debug: 2 1)
[2019.12.07-13.51.03:649][  0]LogTemp: Display: Module 'AllDesktopTargetPlatform' loaded TargetPlatform 'AllDesktop'
[2019.12.07-13.51.03:666][  0]LogTemp: Display: Module 'MacClientTargetPlatform' loaded TargetPlatform 'MacClient'
[2019.12.07-13.51.03:683][  0]LogTemp: Display: Module 'MacNoEditorTargetPlatform' loaded TargetPlatform 'MacNoEditor'
[2019.12.07-13.51.03:699][  0]LogTemp: Display: Module 'MacServerTargetPlatform' loaded TargetPlatform 'MacServer'
[2019.12.07-13.51.03:715][  0]LogTemp: Display: Module 'MacTargetPlatform' loaded TargetPlatform 'Mac'
[2019.12.07-13.51.03:737][  0]LogTemp: Display: Module 'WindowsClientTargetPlatform' loaded TargetPlatform 'WindowsClient'
[2019.12.07-13.51.03:756][  0]LogTemp: Display: Module 'WindowsNoEditorTargetPlatform' loaded TargetPlatform 'WindowsNoEditor'
[2019.12.07-13.51.03:772][  0]LogTemp: Display: Module 'WindowsServerTargetPlatform' loaded TargetPlatform 'WindowsServer'
[2019.12.07-13.51.03:780][  0]LogTemp: Display: Module 'WindowsTargetPlatform' loaded TargetPlatform 'Windows'
[2019.12.07-13.51.03:883][  0]LogTemp: Display: Module 'AndroidTargetPlatform' loaded TargetPlatform 'Android'
[2019.12.07-13.51.03:883][  0]LogTemp: Display: Module 'AndroidTargetPlatform' loaded TargetPlatform 'Android_ASTC'
[2019.12.07-13.51.03:883][  0]LogTemp: Display: Module 'AndroidTargetPlatform' loaded TargetPlatform 'Android_ATC'
[2019.12.07-13.51.03:883][  0]LogTemp: Display: Module 'AndroidTargetPlatform' loaded TargetPlatform 'Android_DXT'
[2019.12.07-13.51.03:883][  0]LogTemp: Display: Module 'AndroidTargetPlatform' loaded TargetPlatform 'Android_ETC1'
[2019.12.07-13.51.03:883][  0]LogTemp: Display: Module 'AndroidTargetPlatform' loaded TargetPlatform 'Android_ETC1a'
[2019.12.07-13.51.03:883][  0]LogTemp: Display: Module 'AndroidTargetPlatform' loaded TargetPlatform 'Android_ETC2'
[2019.12.07-13.51.03:883][  0]LogTemp: Display: Module 'AndroidTargetPlatform' loaded TargetPlatform 'Android_PVRTC'
[2019.12.07-13.51.03:883][  0]LogTemp: Display: Module 'AndroidTargetPlatform' loaded TargetPlatform 'AndroidClient'
[2019.12.07-13.51.03:883][  0]LogTemp: Display: Module 'AndroidTargetPlatform' loaded TargetPlatform 'Android_ASTCClient'
[2019.12.07-13.51.03:883][  0]LogTemp: Display: Module 'AndroidTargetPlatform' loaded TargetPlatform 'Android_ATCClient'
[2019.12.07-13.51.03:883][  0]LogTemp: Display: Module 'AndroidTargetPlatform' loaded TargetPlatform 'Android_DXTClient'
[2019.12.07-13.51.03:883][  0]LogTemp: Display: Module 'AndroidTargetPlatform' loaded TargetPlatform 'Android_ETC1Client'
[2019.12.07-13.51.03:883][  0]LogTemp: Display: Module 'AndroidTargetPlatform' loaded TargetPlatform 'Android_ETC1aClient'
[2019.12.07-13.51.03:883][  0]LogTemp: Display: Module 'AndroidTargetPlatform' loaded TargetPlatform 'Android_ETC2Client'
[2019.12.07-13.51.03:883][  0]LogTemp: Display: Module 'AndroidTargetPlatform' loaded TargetPlatform 'Android_PVRTCClient'
[2019.12.07-13.51.03:883][  0]LogTemp: Display: Module 'AndroidTargetPlatform' loaded TargetPlatform 'Android_Multi'
[2019.12.07-13.51.03:883][  0]LogTemp: Display: Module 'AndroidTargetPlatform' loaded TargetPlatform 'Android_MultiClient'
[2019.12.07-13.51.03:884][  0]LogTemp: Display: Module 'HTML5TargetPlatform' loaded TargetPlatform 'HTML5'
[2019.12.07-13.51.03:938][  0]LogTemp: Display: Module 'IOSTargetPlatform' loaded TargetPlatform 'IOSClient'
[2019.12.07-13.51.03:938][  0]LogTemp: Display: Module 'IOSTargetPlatform' loaded TargetPlatform 'IOS'
[2019.12.07-13.51.03:965][  0]LogTemp: Display: Module 'TVOSTargetPlatform' loaded TargetPlatform 'TVOSClient'
[2019.12.07-13.51.03:965][  0]LogTemp: Display: Module 'TVOSTargetPlatform' loaded TargetPlatform 'TVOS'
[2019.12.07-13.51.03:979][  0]LogTemp: Display: Module 'LinuxClientTargetPlatform' loaded TargetPlatform 'LinuxClient'
[2019.12.07-13.51.03:993][  0]LogTemp: Display: Module 'LinuxNoEditorTargetPlatform' loaded TargetPlatform 'LinuxNoEditor'
[2019.12.07-13.51.04:008][  0]LogTemp: Display: Module 'LinuxServerTargetPlatform' loaded TargetPlatform 'LinuxServer'
[2019.12.07-13.51.04:024][  0]LogTemp: Display: Module 'LinuxTargetPlatform' loaded TargetPlatform 'Linux'
[2019.12.07-13.51.04:084][  0]LogTemp: Display: Module 'LuminTargetPlatform' loaded TargetPlatform 'Lumin'
[2019.12.07-13.51.04:084][  0]LogTemp: Display: Module 'LuminTargetPlatform' loaded TargetPlatform 'LuminClient'
[2019.12.07-13.51.04:084][  0]LogTargetPlatformManager: Display: Building Assets For Windows
[2019.12.07-13.51.04:093][  0]LogAudioDebug: Display: Lib vorbis DLL was dynamically loaded.
[2019.12.07-13.51.04:145][  0]LogShaderCompilers: Guid format shader working directory is -31 characters bigger than the processId version (../../../../../../Users/PC/Documents/GitHub/Gothic-Platformer/Prototype_01/Intermediate/Shaders/WorkingDirectory/5420/).
[2019.12.07-13.51.04:145][  0]LogShaderCompilers: Cleaned the shader compiler working directory 'C:/Users/PC/AppData/Local/Temp/UnrealShaderWorkingDir/2BF42B0C4A3B99D1C4D7F499432D3919/'.
[2019.12.07-13.51.04:147][  0]LogXGEController: Cleaning working directory: C:/Users/PC/AppData/Local/Temp/UnrealXGEWorkingDir/
[2019.12.07-13.51.04:148][  0]LogXGEController: Cannot use XGE Controller as Incredibuild is not installed on this machine.
[2019.12.07-13.51.04:148][  0]LogShaderCompilers: Cannot use XGE Shader Compiler as Incredibuild is not installed on this machine.
[2019.12.07-13.51.04:148][  0]LogShaderCompilers: Display: Using Local Shader Compiler.
[2019.12.07-13.51.04:818][  0]LogDerivedDataCache: Display: Max Cache Size: 512 MB
[2019.12.07-13.51.04:874][  0]LogDerivedDataCache: Loaded boot cache 0.05s 71MB C:/Users/PC/AppData/Local/UnrealEngine/4.22/DerivedDataCache/Boot.ddc.
[2019.12.07-13.51.04:874][  0]LogDerivedDataCache: Display: Loaded Boot cache: C:/Users/PC/AppData/Local/UnrealEngine/4.22/DerivedDataCache/Boot.ddc
[2019.12.07-13.51.04:874][  0]LogDerivedDataCache: FDerivedDataBackendGraph:  Pak pak cache file ../../../../../../Users/PC/Documents/GitHub/Gothic-Platformer/Prototype_01/DerivedDataCache/DDC.ddp not found, will not use a pak cache.
[2019.12.07-13.51.04:874][  0]LogDerivedDataCache: Unable to find inner node Pak for hierarchical cache Hierarchy.
[2019.12.07-13.51.04:874][  0]LogDerivedDataCache: FDerivedDataBackendGraph:  CompressedPak pak cache file ../../../../../../Users/PC/Documents/GitHub/Gothic-Platformer/Prototype_01/DerivedDataCache/Compressed.ddp not found, will not use a pak cache.
[2019.12.07-13.51.04:874][  0]LogDerivedDataCache: Unable to find inner node CompressedPak for hierarchical cache Hierarchy.
[2019.12.07-13.51.04:887][  0]LogDerivedDataCache: Display: Pak cache opened for reading ../../../Engine/DerivedDataCache/Compressed.ddp.
[2019.12.07-13.51.04:887][  0]LogDerivedDataCache: FDerivedDataBackendGraph:  EnterprisePak pak cache file ../../../Enterprise/DerivedDataCache/Compressed.ddp not found, will not use a pak cache.
[2019.12.07-13.51.04:887][  0]LogDerivedDataCache: Unable to find inner node EnterprisePak for hierarchical cache Hierarchy.
[2019.12.07-13.51.04:899][  0]LogDerivedDataCache: Using Local data cache path C:/Users/PC/AppData/Local/UnrealEngine/Common/DerivedDataCache: Writable
[2019.12.07-13.51.04:899][  0]LogDerivedDataCache: Shared data cache path not found in *engine.ini, will not use an Shared cache.
[2019.12.07-13.51.04:899][  0]LogDerivedDataCache: Unable to find inner node Shared for hierarchical cache Hierarchy.
[2019.12.07-13.51.04:925][  0]LogMaterial: Verifying Global Shaders for PCD3D_SM5
[2019.12.07-13.51.04:926][  0]LogSlate: Using FreeType 2.6.0
[2019.12.07-13.51.04:927][  0]LogSlate: SlateFontServices - WITH_FREETYPE: 1, WITH_HARFBUZZ: 1
[2019.12.07-13.51.05:016][  0]LogAssetRegistry: FAssetRegistry took 0.0363 seconds to start up
[2019.12.07-13.51.05:438][  0]LogInit: Selected Device Profile: [Windows]
[2019.12.07-13.51.05:589][  0]LogMeshReduction: Using QuadricMeshReduction for automatic static mesh reduction
[2019.12.07-13.51.05:589][  0]LogMeshReduction: Using SimplygonMeshReduction for automatic skeletal mesh reduction
[2019.12.07-13.51.05:589][  0]LogMeshReduction: Using ProxyLODMeshReduction for automatic mesh merging
[2019.12.07-13.51.05:589][  0]LogMeshReduction: No distributed automatic mesh merging module available
[2019.12.07-13.51.05:589][  0]LogMeshMerging: No distributed automatic mesh merging module available
[2019.12.07-13.51.05:605][  0]LogNetVersion: Prototype_01 1.0.0, NetCL: 5660361, EngineNetVer: 10, GameNetVer: 0 (Checksum: 1257701905)
[2019.12.07-13.51.06:054][  0]LogPackageLocalizationCache: Processed 10 localized package path(s) for 1 prioritized culture(s) in 0.045820 seconds
[2019.12.07-13.51.06:061][  0]LogUObjectArray: 42205 objects as part of root set at end of initial load.
[2019.12.07-13.51.06:061][  0]LogUObjectAllocator: 7325032 out of 0 bytes used by permanent object pool.
[2019.12.07-13.51.06:061][  0]LogUObjectArray: CloseDisregardForGC: 0/0 objects in disregard for GC pool
[2019.12.07-13.51.06:954][  0]LogTcpMessaging: Initializing TcpMessaging bridge
[2019.12.07-13.51.06:967][  0]LogUdpMessaging: Initializing bridge on interface 0.0.0.0:0 to multicast group 230.0.0.1:6666.
[2019.12.07-13.51.07:079][  0]SourceControl: Source control is disabled
[2019.12.07-13.51.07:079][  0]SourceControl: Source control is disabled
[2019.12.07-13.51.07:080][  0]SourceControl: Source control is disabled
[2019.12.07-13.51.07:081][  0]SourceControl: Source control is disabled
[2019.12.07-13.51.07:090][  0]LogVSAccessor: Display: Unable to create Visual Studio setup instance: 80040154
[2019.12.07-13.51.07:090][  0]LogVSAccessor: Display: Unable to create Visual Studio setup instance: 80040154
[2019.12.07-13.51.07:162][  0]LogAndroidPermission: UAndroidPermissionCallbackProxy::GetInstance
[2019.12.07-13.51.07:256][  0]LogOcInput: OculusInput pre-init called
[2019.12.07-13.51.07:974][  0]LogEngine: Initializing Engine...
[2019.12.07-13.51.07:975][  0]LogHMD: Failed to initialize OpenVR with code 110
[2019.12.07-13.51.07:976][  0]LogStats: UGameplayTagsManager::InitializeManager -  0.000 s
[2019.12.07-13.51.08:203][  0]LogInit: Initializing FReadOnlyCVARCache
[2019.12.07-13.51.08:220][  0]LogAIModule: Creating AISystem for world Untitled
[2019.12.07-13.51.08:235][  0]LogInit: XAudio2 using 'Динамики (Realtek High Definition Audio)' : 2 channels at 48 kHz using 32 bits per sample (channel mask 0x3)
[2019.12.07-13.51.08:266][  0]LogInit: FAudioDevice initialized.
[2019.12.07-13.51.08:266][  0]LogNetVersion: Set ProjectVersion to 1.0.0.0. Version Checksum will be recalculated on next use.
[2019.12.07-13.51.08:518][  0]LogDerivedDataCache: Saved boot cache 0.25s 71MB C:/Users/PC/AppData/Local/UnrealEngine/4.22/DerivedDataCache/Boot.ddc.
[2019.12.07-13.51.08:530][  0]LogInit: Texture streaming: Enabled
[2019.12.07-13.51.08:551][  0]LogEngineSessionManager: EngineSessionManager initialized
[2019.12.07-13.51.08:576][  0]LogInit: Transaction tracking system initialized
[2019.12.07-13.51.08:600][  0]BlueprintLog: New page: Editor Load
[2019.12.07-13.51.08:684][  0]LocalizationService: Localization service is disabled
[2019.12.07-13.51.08:816][  0]LogVSAccessor: Display: Unable to create Visual Studio setup instance: 80040154
[2019.12.07-13.51.08:817][  0]LogVSAccessor: Display: Unable to create Visual Studio setup instance: 80040154
[2019.12.07-13.51.09:004][  0]LogFileCache: Scanning file cache for directory 'C:/Users/PC/Documents/GitHub/Gothic-Platformer/Prototype_01/Content/' took 0.02s
[2019.12.07-13.51.09:004][  0]LogCook: Display: Max memory allowance for cook 16384mb min free memory 0mb
[2019.12.07-13.51.09:004][  0]LogCook: Display: Mobile HDR setting 1
[2019.12.07-13.51.09:239][  0]SourceControl: Source control is disabled
[2019.12.07-13.51.09:239][  0]Cmd: MAP LOAD FILE="../../../../../../Users/PC/Documents/GitHub/Gothic-Platformer/Prototype_01/Content/ThirdPersonBP/Maps/ThirdPersonExampleMap.umap" TEMPLATE=0 SHOWPROGRESS=1 FEATURELEVEL=3
[2019.12.07-13.51.09:239][  0]LightingResults: New page: Lighting Build
[2019.12.07-13.51.09:242][  0]MapCheck: New page: Map Check
[2019.12.07-13.51.09:242][  0]LightingResults: New page: Lighting Build
[2019.12.07-13.51.09:267][  0]LogUObjectHash: Compacting FUObjectHashTables data took   1.90ms
[2019.12.07-13.51.09:762][  0]LogAIModule: Creating AISystem for world ThirdPersonExampleMap
[2019.12.07-13.51.09:785][  0]LogEditorServer: Finished looking for orphan Actors (0.000 secs)
[2019.12.07-13.51.10:883][  0]LogUObjectHash: Compacting FUObjectHashTables data took   2.47ms
[2019.12.07-13.51.10:884][  0]Cmd: MAP CHECKDEP NOCLEARLOG
[2019.12.07-13.51.10:884][  0]MapCheck: Map check complete: 0 Error(s), 0 Warning(s), took 0,201ms to complete.
[2019.12.07-13.51.10:884][  0]LogFileHelpers: Loading map 'ThirdPersonExampleMap' took 1.645
[2019.12.07-13.51.10:995][  0]LogSlate: Updating window title bar state: overlay mode, drag disabled, window buttons hidden, title bar hidden
[2019.12.07-13.51.11:004][  0]LogSlate: Updating window title bar state: overlay mode, drag disabled, window buttons hidden, title bar hidden
[2019.12.07-13.51.11:014][  0]LogSlate: Updating window title bar state: overlay mode, drag disabled, window buttons hidden, title bar hidden
[2019.12.07-13.51.11:025][  0]LogSlate: Updating window title bar state: overlay mode, drag disabled, window buttons hidden, title bar hidden
[2019.12.07-13.51.11:034][  0]LogCollectionManager: Loaded 0 collections in 0.001851 seconds
[2019.12.07-13.51.11:050][  0]LogFileCache: Scanning file cache for directory 'C:/Users/PC/Documents/GitHub/Gothic-Platformer/Prototype_01/Saved/Collections/' took 0.01s
[2019.12.07-13.51.11:050][  0]LogFileCache: Scanning file cache for directory 'C:/Users/PC/Documents/GitHub/Gothic-Platformer/Prototype_01/Content/Developers/PC/Collections/' took 0.00s
[2019.12.07-13.51.11:050][  0]LogFileCache: Scanning file cache for directory 'C:/Users/PC/Documents/GitHub/Gothic-Platformer/Prototype_01/Content/Collections/' took 0.00s
[2019.12.07-13.51.11:050][  0]LogCollectionManager: Rebuilt the GUID cache for 0 collections in 0.000001 seconds
[2019.12.07-13.51.11:061][  0]LogContentBrowser: Native class hierarchy populated in 0.0099 seconds. Added 2732 classes and 659 folders.
[2019.12.07-13.51.11:067][  0]LogContentBrowser: Native class hierarchy updated for 'WidgetCarousel' in 0.0003 seconds. Added 0 classes and 0 folders.
[2019.12.07-13.51.11:069][  0]LogPakFile: Registered encryption key '00000000000000000000000000000000': 0 pak files mounted, 0 remain pending
[2019.12.07-13.51.11:069][  0]LogPakFile: Registered encryption key '00000000000000000000000000000000': 0 pak files mounted, 0 remain pending
[2019.12.07-13.51.11:070][  0]LogPakFile: Registered encryption key '00000000000000000000000000000000': 0 pak files mounted, 0 remain pending
[2019.12.07-13.51.11:070][  0]LogPakFile: Registered encryption key '00000000000000000000000000000000': 0 pak files mounted, 0 remain pending
[2019.12.07-13.51.11:071][  0]LogPakFile: Registered encryption key '00000000000000000000000000000000': 0 pak files mounted, 0 remain pending
[2019.12.07-13.51.11:071][  0]LogPakFile: Registered encryption key '00000000000000000000000000000000': 0 pak files mounted, 0 remain pending
[2019.12.07-13.51.11:072][  0]LogPakFile: Registered encryption key '00000000000000000000000000000000': 0 pak files mounted, 0 remain pending
[2019.12.07-13.51.11:072][  0]LogPakFile: Registered encryption key '00000000000000000000000000000000': 0 pak files mounted, 0 remain pending
[2019.12.07-13.51.11:073][  0]LogPakFile: Registered encryption key '00000000000000000000000000000000': 0 pak files mounted, 0 remain pending
[2019.12.07-13.51.11:073][  0]LogPakFile: Registered encryption key '00000000000000000000000000000000': 0 pak files mounted, 0 remain pending
[2019.12.07-13.51.11:073][  0]LogPakFile: Registered encryption key '00000000000000000000000000000000': 0 pak files mounted, 0 remain pending
[2019.12.07-13.51.11:074][  0]LogPakFile: Registered encryption key '00000000000000000000000000000000': 0 pak files mounted, 0 remain pending
[2019.12.07-13.51.11:074][  0]LogPakFile: Registered encryption key '00000000000000000000000000000000': 0 pak files mounted, 0 remain pending
[2019.12.07-13.51.11:075][  0]LogPakFile: Registered encryption key '00000000000000000000000000000000': 0 pak files mounted, 0 remain pending
[2019.12.07-13.51.11:075][  0]LogPakFile: Registered encryption key '00000000000000000000000000000000': 0 pak files mounted, 0 remain pending
[2019.12.07-13.51.11:076][  0]LogPakFile: Registered encryption key '00000000000000000000000000000000': 0 pak files mounted, 0 remain pending
[2019.12.07-13.51.11:076][  0]LogPakFile: Registered encryption key '00000000000000000000000000000000': 0 pak files mounted, 0 remain pending
[2019.12.07-13.51.11:077][  0]LogPakFile: Registered encryption key '00000000000000000000000000000000': 0 pak files mounted, 0 remain pending
[2019.12.07-13.51.11:077][  0]LogPakFile: Registered encryption key '00000000000000000000000000000000': 0 pak files mounted, 0 remain pending
[2019.12.07-13.51.11:078][  0]LogPakFile: Registered encryption key '00000000000000000000000000000000': 0 pak files mounted, 0 remain pending
[2019.12.07-13.51.11:078][  0]LogPakFile: Registered encryption key '00000000000000000000000000000000': 0 pak files mounted, 0 remain pending
[2019.12.07-13.51.11:079][  0]LogPakFile: Registered encryption key '00000000000000000000000000000000': 0 pak files mounted, 0 remain pending
[2019.12.07-13.51.11:079][  0]LogPakFile: Registered encryption key '00000000000000000000000000000000': 0 pak files mounted, 0 remain pending
[2019.12.07-13.51.11:080][  0]LogPakFile: Registered encryption key '00000000000000000000000000000000': 0 pak files mounted, 0 remain pending
[2019.12.07-13.51.11:080][  0]LogPakFile: Registered encryption key '00000000000000000000000000000000': 0 pak files mounted, 0 remain pending
[2019.12.07-13.51.11:081][  0]LogPakFile: Registered encryption key '00000000000000000000000000000000': 0 pak files mounted, 0 remain pending
[2019.12.07-13.51.11:108][  0]LogContentBrowser: Native class hierarchy updated for 'AddContentDialog' in 0.0003 seconds. Added 0 classes and 0 folders.
[2019.12.07-13.51.11:114][  0]LogContentBrowser: Native class hierarchy updated for 'SceneOutliner' in 0.0003 seconds. Added 1 classes and 2 folders.
[2019.12.07-13.51.11:200][  0]LogSlate: Took 0.000194 seconds to synchronously load lazily loaded font '../../../Engine/Content/Slate/Fonts/Roboto-Regular.ttf' (155K)
[2019.12.07-13.51.11:203][  0]LogSlate: Took 0.000160 seconds to synchronously load lazily loaded font '../../../Engine/Content/Slate/Fonts/Roboto-Bold.ttf' (160K)
[2019.12.07-13.51.11:208][  0]LogSlate: Took 0.000170 seconds to synchronously load lazily loaded font '../../../Engine/Content/Editor/Slate/Fonts/FontAwesome.ttf' (139K)
[2019.12.07-13.51.11:285][  0]LogRenderer: Reallocating scene render targets to support 1284x624 Format 10 NumSamples 1 (Frame:1).
[2019.12.07-13.51.13:413][  0]LogContentBrowser: Native class hierarchy updated for 'HierarchicalLODOutliner' in 0.0004 seconds. Added 0 classes and 0 folders.
[2019.12.07-13.51.13:413][  0]LogLoad: (Engine Initialization) Total time: 12.47 seconds
[2019.12.07-13.51.13:413][  0]LogLoad: (Engine Initialization) Total Blueprint compile time: 0.00 seconds
[2019.12.07-13.51.13:456][  0]LogAssetRegistry: Asset discovery search completed in 8.4626 seconds
[2019.12.07-13.51.13:460][  0]LogCollectionManager: Rebuilt the object cache for 0 collections in 0.000001 seconds (found 0 objects)
[2019.12.07-13.51.13:460][  0]LogCollectionManager: Fixed up redirectors for 0 collections in 0.000059 seconds (updated 0 objects)
[2019.12.07-13.51.13:462][  0]LogContentStreaming: Texture pool size now 1000 MB
[2019.12.07-13.51.13:495][  0]LogSlate: Took 0.000163 seconds to synchronously load lazily loaded font '../../../Engine/Content/Slate/Fonts/Roboto-Light.ttf' (167K)
[2019.12.07-13.51.20:191][536]LogTemp: IOS device listing is disabled (to many failed attempts)!
[2019.12.07-13.51.23:296][903]LogSlate: FSceneViewport::OnFocusLost() reason 0
[2019.12.07-13.51.23:380][913]LogTemp: Repeating last play command: Selected Viewport
[2019.12.07-13.51.23:394][913]LogBlueprintUserMessages: Early PlayInEditor Detection: Level '/Game/ThirdPersonBP/Maps/ThirdPersonExampleMap.ThirdPersonExampleMap:PersistentLevel' has LevelScriptBlueprint '/Game/ThirdPersonBP/Maps/ThirdPersonExampleMap.ThirdPersonExampleMap:PersistentLevel.ThirdPersonExampleMap' with GeneratedClass '/Game/ThirdPersonBP/Maps/ThirdPersonExampleMap.ThirdPersonExampleMap_C' with ClassGeneratedBy '/Game/ThirdPersonBP/Maps/ThirdPersonExampleMap.ThirdPersonExampleMap:PersistentLevel.ThirdPersonExampleMap'
[2019.12.07-13.51.23:394][913]LogPlayLevel: PlayLevel: No blueprints needed recompiling
[2019.12.07-13.51.23:395][913]PIE: New page: PIE session: ThirdPersonExampleMap (7 дек. 2019 г., 19:51:23)
[2019.12.07-13.51.23:407][913]LogPlayLevel: Creating play world package: /Game/ThirdPersonBP/Maps/UEDPIE_0_ThirdPersonExampleMap
[2019.12.07-13.51.23:543][913]LogPlayLevel: PIE: StaticDuplicateObject took: (0.136318s)
[2019.12.07-13.51.23:544][913]LogAIModule: Creating AISystem for world ThirdPersonExampleMap
[2019.12.07-13.51.23:544][913]LogPlayLevel: PIE: World Init took: (0.000782s)
[2019.12.07-13.51.23:544][913]LogPlayLevel: PIE: Created PIE world by copying editor world from /Game/ThirdPersonBP/Maps/ThirdPersonExampleMap.ThirdPersonExampleMap to /Game/ThirdPersonBP/Maps/UEDPIE_0_ThirdPersonExampleMap.ThirdPersonExampleMap (0.137458s)
[2019.12.07-13.51.23:570][913]LogUObjectHash: Compacting FUObjectHashTables data took   1.30ms
[2019.12.07-13.51.23:582][913]LogInit: XAudio2 using 'Динамики (Realtek High Definition Audio)' : 2 channels at 48 kHz using 32 bits per sample (channel mask 0x3)
[2019.12.07-13.51.23:604][913]LogInit: FAudioDevice initialized.
[2019.12.07-13.51.23:654][913]LogLoad: Game class is 'ThirdPersonGameMode_C'
[2019.12.07-13.51.23:660][913]LogWorld: Bringing World /Game/ThirdPersonBP/Maps/UEDPIE_0_ThirdPersonExampleMap.ThirdPersonExampleMap up for play (max tick rate 0) at 2019.12.07-16.51.23
[2019.12.07-13.51.23:661][913]LogWorld: Bringing up level for play took: 0.005247
[2019.12.07-13.51.23:679][913]LogContentBrowser: Native class hierarchy updated for 'MovieSceneCapture' in 0.0004 seconds. Added 20 classes and 0 folders.
[2019.12.07-13.51.23:679][913]PIE: Play in editor start time for /Game/ThirdPersonBP/Maps/UEDPIE_0_ThirdPersonExampleMap 0,759
[2019.12.07-13.51.23:680][913]LogBlueprintUserMessages: Late PlayInEditor Detection: Level '/Game/ThirdPersonBP/Maps/ThirdPersonExampleMap.ThirdPersonExampleMap:PersistentLevel' has LevelScriptBlueprint '/Game/ThirdPersonBP/Maps/ThirdPersonExampleMap.ThirdPersonExampleMap:PersistentLevel.ThirdPersonExampleMap' with GeneratedClass '/Game/ThirdPersonBP/Maps/ThirdPersonExampleMap.ThirdPersonExampleMap_C' with ClassGeneratedBy '/Game/ThirdPersonBP/Maps/ThirdPersonExampleMap.ThirdPersonExampleMap:PersistentLevel.ThirdPersonExampleMap'
[2019.12.07-13.52.15:528][776]LogBlueprintUserMessages: Early EndPlayMap Detection: Level '/Game/ThirdPersonBP/Maps/ThirdPersonExampleMap.ThirdPersonExampleMap:PersistentLevel' has LevelScriptBlueprint '/Game/ThirdPersonBP/Maps/ThirdPersonExampleMap.ThirdPersonExampleMap:PersistentLevel.ThirdPersonExampleMap' with GeneratedClass '/Game/ThirdPersonBP/Maps/ThirdPersonExampleMap.ThirdPersonExampleMap_C' with ClassGeneratedBy '/Game/ThirdPersonBP/Maps/ThirdPersonExampleMap.ThirdPersonExampleMap:PersistentLevel.ThirdPersonExampleMap'
[2019.12.07-13.52.15:528][776]LogSlate: Updating window title bar state: overlay mode, drag disabled, window buttons hidden, title bar hidden
[2019.12.07-13.52.15:626][776]LogPlayLevel: Display: Shutting down PIE online subsystems
[2019.12.07-13.52.15:627][776]LogBlueprintUserMessages: Late EndPlayMap Detection: Level '/Game/ThirdPersonBP/Maps/ThirdPersonExampleMap.ThirdPersonExampleMap:PersistentLevel' has LevelScriptBlueprint '/Game/ThirdPersonBP/Maps/ThirdPersonExampleMap.ThirdPersonExampleMap:PersistentLevel.ThirdPersonExampleMap' with GeneratedClass '/Game/ThirdPersonBP/Maps/ThirdPersonExampleMap.ThirdPersonExampleMap_C' with ClassGeneratedBy '/Game/ThirdPersonBP/Maps/ThirdPersonExampleMap.ThirdPersonExampleMap:PersistentLevel.ThirdPersonExampleMap'
[2019.12.07-13.52.15:655][776]LogSlate: Updating window title bar state: overlay mode, drag disabled, window buttons hidden, title bar hidden
[2019.12.07-13.52.15:661][776]LogUObjectHash: Compacting FUObjectHashTables data took   2.24ms
[2019.12.07-13.52.15:682][777]LogPlayLevel: Display: Destroying online subsystem :Context_2
[2019.12.07-13.52.16:945][921]Cmd: CAMERA ALIGN ACTIVEVIEWPORTONLY
[2019.12.07-13.52.16:945][921]Can't find target actor or component.
[2019.12.07-13.53.39:001][779]Cmd: CAMERA ALIGN ACTIVEVIEWPORTONLY
[2019.12.07-13.53.43:335][262]Cmd: CAMERA ALIGN ACTIVEVIEWPORTONLY
[2019.12.07-13.54.15:200][648]LogEditorViewport: Clicking Background
[2019.12.07-13.57.14:017][ 58]Cmd: TRANSACTION UNDO
[2019.12.07-13.57.14:017][ 58]LogEditorTransaction: Undo Move Actors
[2019.12.07-13.57.14:287][ 58]LogPhysics: Warning: UBodySetup::GetCookInfo: Triangle data from '/Game/ThirdPersonBP/Maps/ThirdPersonExampleMap.ThirdPersonExampleMap:PersistentLevel.ModelComponent_18921' invalid (28125 verts, 0 indices).
[2019.12.07-13.57.14:287][ 58]LogPhysics: Warning: Attempt to build physics data for /Game/ThirdPersonBP/Maps/ThirdPersonExampleMap.ThirdPersonExampleMap:PersistentLevel.ModelComponent_18921.BodySetup_0 when we are unable to.
[2019.12.07-13.57.14:288][ 58]LogPhysics: Warning: UBodySetup::GetCookInfo: Triangle data from '/Game/ThirdPersonBP/Maps/ThirdPersonExampleMap.ThirdPersonExampleMap:PersistentLevel.ModelComponent_18922' invalid (28125 verts, 0 indices).
[2019.12.07-13.57.14:288][ 58]LogPhysics: Warning: Attempt to build physics data for /Game/ThirdPersonBP/Maps/ThirdPersonExampleMap.ThirdPersonExampleMap:PersistentLevel.ModelComponent_18922.BodySetup_0 when we are unable to.
[2019.12.07-13.57.14:288][ 58]LogPhysics: Warning: UBodySetup::GetCookInfo: Triangle data from '/Game/ThirdPersonBP/Maps/ThirdPersonExampleMap.ThirdPersonExampleMap:PersistentLevel.ModelComponent_18923' invalid (28125 verts, 0 indices).
[2019.12.07-13.57.14:288][ 58]LogPhysics: Warning: Attempt to build physics data for /Game/ThirdPersonBP/Maps/ThirdPersonExampleMap.ThirdPersonExampleMap:PersistentLevel.ModelComponent_18923.BodySetup_0 when we are unable to.
[2019.12.07-13.57.14:289][ 58]LogPhysics: Warning: UBodySetup::GetCookInfo: Triangle data from '/Game/ThirdPersonBP/Maps/ThirdPersonExampleMap.ThirdPersonExampleMap:PersistentLevel.ModelComponent_18924' invalid (28125 verts, 0 indices).
[2019.12.07-13.57.14:289][ 58]LogPhysics: Warning: Attempt to build physics data for /Game/ThirdPersonBP/Maps/ThirdPersonExampleMap.ThirdPersonExampleMap:PersistentLevel.ModelComponent_18924.BodySetup_0 when we are unable to.
[2019.12.07-13.57.14:290][ 58]LogPhysics: Warning: UBodySetup::GetCookInfo: Triangle data from '/Game/ThirdPersonBP/Maps/ThirdPersonExampleMap.ThirdPersonExampleMap:PersistentLevel.ModelComponent_18925' invalid (28125 verts, 0 indices).
[2019.12.07-13.57.14:290][ 58]LogPhysics: Warning: Attempt to build physics data for /Game/ThirdPersonBP/Maps/ThirdPersonExampleMap.ThirdPersonExampleMap:PersistentLevel.ModelComponent_18925.BodySetup_0 when we are unable to.
[2019.12.07-13.57.14:291][ 58]LogPhysics: Warning: UBodySetup::GetCookInfo: Triangle data from '/Game/ThirdPersonBP/Maps/ThirdPersonExampleMap.ThirdPersonExampleMap:PersistentLevel.ModelComponent_18926' invalid (28125 verts, 0 indices).
[2019.12.07-13.57.14:291][ 58]LogPhysics: Warning: Attempt to build physics data for /Game/ThirdPersonBP/Maps/ThirdPersonExampleMap.ThirdPersonExampleMap:PersistentLevel.ModelComponent_18926.BodySetup_0 when we are unable to.
[2019.12.07-13.57.14:291][ 58]LogPhysics: Warning: UBodySetup::GetCookInfo: Triangle data from '/Game/ThirdPersonBP/Maps/ThirdPersonExampleMap.ThirdPersonExampleMap:PersistentLevel.ModelComponent_18927' invalid (28125 verts, 0 indices).
[2019.12.07-13.57.14:291][ 58]LogPhysics: Warning: Attempt to build physics data for /Game/ThirdPersonBP/Maps/ThirdPersonExampleMap.ThirdPersonExampleMap:PersistentLevel.ModelComponent_18927.BodySetup_0 when we are unable to.
[2019.12.07-13.57.14:292][ 58]LogPhysics: Warning: UBodySetup::GetCookInfo: Triangle data from '/Game/ThirdPersonBP/Maps/ThirdPersonExampleMap.ThirdPersonExampleMap:PersistentLevel.ModelComponent_18928' invalid (28125 verts, 0 indices).
[2019.12.07-13.57.14:292][ 58]LogPhysics: Warning: Attempt to build physics data for /Game/ThirdPersonBP/Maps/ThirdPersonExampleMap.ThirdPersonExampleMap:PersistentLevel.ModelComponent_18928.BodySetup_0 when we are unable to.
[2019.12.07-13.57.14:292][ 58]LogPhysics: Warning: UBodySetup::GetCookInfo: Triangle data from '/Game/ThirdPersonBP/Maps/ThirdPersonExampleMap.ThirdPersonExampleMap:PersistentLevel.ModelComponent_18929' invalid (28125 verts, 0 indices).
[2019.12.07-13.57.14:292][ 58]LogPhysics: Warning: Attempt to build physics data for /Game/ThirdPersonBP/Maps/ThirdPersonExampleMap.ThirdPersonExampleMap:PersistentLevel.ModelComponent_18929.BodySetup_0 when we are unable to.
[2019.12.07-13.57.14:293][ 58]LogPhysics: Warning: UBodySetup::GetCookInfo: Triangle data from '/Game/ThirdPersonBP/Maps/ThirdPersonExampleMap.ThirdPersonExampleMap:PersistentLevel.ModelComponent_18930' invalid (28125 verts, 0 indices).
[2019.12.07-13.57.14:293][ 58]LogPhysics: Warning: Attempt to build physics data for /Game/ThirdPersonBP/Maps/ThirdPersonExampleMap.ThirdPersonExampleMap:PersistentLevel.ModelComponent_18930.BodySetup_0 when we are unable to.
[2019.12.07-13.57.14:293][ 58]LogPhysics: Warning: UBodySetup::GetCookInfo: Triangle data from '/Game/ThirdPersonBP/Maps/ThirdPersonExampleMap.ThirdPersonExampleMap:PersistentLevel.ModelComponent_18931' invalid (28125 verts, 0 indices).
[2019.12.07-13.57.14:293][ 58]LogPhysics: Warning: Attempt to build physics data for /Game/ThirdPersonBP/Maps/ThirdPersonExampleMap.ThirdPersonExampleMap:PersistentLevel.ModelComponent_18931.BodySetup_0 when we are unable to.
[2019.12.07-13.57.14:293][ 58]LogPhysics: Warning: UBodySetup::GetCookInfo: Triangle data from '/Game/ThirdPersonBP/Maps/ThirdPersonExampleMap.ThirdPersonExampleMap:PersistentLevel.ModelComponent_18932' invalid (28125 verts, 0 indices).
[2019.12.07-13.57.14:293][ 58]LogPhysics: Warning: Attempt to build physics data for /Game/ThirdPersonBP/Maps/ThirdPersonExampleMap.ThirdPersonExampleMap:PersistentLevel.ModelComponent_18932.BodySetup_0 when we are unable to.
[2019.12.07-13.57.14:294][ 58]LogPhysics: Warning: UBodySetup::GetCookInfo: Triangle data from '/Game/ThirdPersonBP/Maps/ThirdPersonExampleMap.ThirdPersonExampleMap:PersistentLevel.ModelComponent_18933' invalid (28125 verts, 0 indices).
[2019.12.07-13.57.14:294][ 58]LogPhysics: Warning: Attempt to build physics data for /Game/ThirdPersonBP/Maps/ThirdPersonExampleMap.ThirdPersonExampleMap:PersistentLevel.ModelComponent_18933.BodySetup_0 when we are unable to.
[2019.12.07-13.57.14:294][ 58]LogPhysics: Warning: UBodySetup::GetCookInfo: Triangle data from '/Game/ThirdPersonBP/Maps/ThirdPersonExampleMap.ThirdPersonExampleMap:PersistentLevel.ModelComponent_18934' invalid (28125 verts, 0 indices).
[2019.12.07-13.57.14:294][ 58]LogPhysics: Warning: Attempt to build physics data for /Game/ThirdPersonBP/Maps/ThirdPersonExampleMap.ThirdPersonExampleMap:PersistentLevel.ModelComponent_18934.BodySetup_0 when we are unable to.
[2019.12.07-13.57.14:294][ 58]LogPhysics: Warning: UBodySetup::GetCookInfo: Triangle data from '/Game/ThirdPersonBP/Maps/ThirdPersonExampleMap.ThirdPersonExampleMap:PersistentLevel.ModelComponent_18935' invalid (28125 verts, 0 indices).
[2019.12.07-13.57.14:294][ 58]LogPhysics: Warning: Attempt to build physics data for /Game/ThirdPersonBP/Maps/ThirdPersonExampleMap.ThirdPersonExampleMap:PersistentLevel.ModelComponent_18935.BodySetup_0 when we are unable to.
[2019.12.07-13.57.14:294][ 58]LogPhysics: Warning: UBodySetup::GetCookInfo: Triangle data from '/Game/ThirdPersonBP/Maps/ThirdPersonExampleMap.ThirdPersonExampleMap:PersistentLevel.ModelComponent_18936' invalid (28125 verts, 0 indices).
[2019.12.07-13.57.14:294][ 58]LogPhysics: Warning: Attempt to build physics data for /Game/ThirdPersonBP/Maps/ThirdPersonExampleMap.ThirdPersonExampleMap:PersistentLevel.ModelComponent_18936.BodySetup_0 when we are unable to.
[2019.12.07-13.57.14:295][ 58]LogPhysics: Warning: UBodySetup::GetCookInfo: Triangle data from '/Game/ThirdPersonBP/Maps/ThirdPersonExampleMap.ThirdPersonExampleMap:PersistentLevel.ModelComponent_18937' invalid (28125 verts, 0 indices).
[2019.12.07-13.57.14:295][ 58]LogPhysics: Warning: Attempt to build physics data for /Game/ThirdPersonBP/Maps/ThirdPersonExampleMap.ThirdPersonExampleMap:PersistentLevel.ModelComponent_18937.BodySetup_0 when we are unable to.
[2019.12.07-13.57.14:295][ 58]LogPhysics: Warning: UBodySetup::GetCookInfo: Triangle data from '/Game/ThirdPersonBP/Maps/ThirdPersonExampleMap.ThirdPersonExampleMap:PersistentLevel.ModelComponent_18938' invalid (28125 verts, 0 indices).
[2019.12.07-13.57.14:295][ 58]LogPhysics: Warning: Attempt to build physics data for /Game/ThirdPersonBP/Maps/ThirdPersonExampleMap.ThirdPersonExampleMap:PersistentLevel.ModelComponent_18938.BodySetup_0 when we are unable to.
[2019.12.07-13.57.14:295][ 58]LogPhysics: Warning: UBodySetup::GetCookInfo: Triangle data from '/Game/ThirdPersonBP/Maps/ThirdPersonExampleMap.ThirdPersonExampleMap:PersistentLevel.ModelComponent_18939' invalid (28125 verts, 0 indices).
[2019.12.07-13.57.14:295][ 58]LogPhysics: Warning: Attempt to build physics data for /Game/ThirdPersonBP/Maps/ThirdPersonExampleMap.ThirdPersonExampleMap:PersistentLevel.ModelComponent_18939.BodySetup_0 when we are unable to.
[2019.12.07-13.57.15:312][ 58]LogSlate: Took 0.000234 seconds to synchronously load lazily loaded font '../../../Engine/Content/Slate/Fonts/Roboto-Light.ttf' (167K)
[2019.12.07-13.58.07:815][385]LogSlate: FSceneViewport::OnFocusLost() reason 0
[2019.12.07-13.58.07:916][396]MapCheck: New page: Map Check
[2019.12.07-13.58.07:927][396]Cmd: MAP REBUILD ALLVISIBLE
[2019.12.07-13.58.07:931][396]LogEditorServer: Rebuildmap Clear paths rebuilt
[2019.12.07-13.58.15:602][396]LogEditorServer: Cleared 379 NULL BSP materials after rebuild.
[2019.12.07-13.58.15:631][396]LogUObjectHash: Compacting FUObjectHashTables data took   1.95ms
[2019.12.07-13.58.15:711][396]LogMaterial: Display: Missing cached shader map for material DebugViewMode MaterialTexCoordScale, compiling. 
[2019.12.07-13.58.15:723][396]LogMaterial: Display: Missing cached shader map for material DebugViewMode MaterialTexCoordScale, compiling. 
[2019.12.07-13.58.15:731][396]LogShaderCompilers: Display: Shaders left to compile 2
[2019.12.07-13.58.15:731][396]LogShaderCompilers: Display: Shaders left to compile 1
[2019.12.07-13.58.15:731][396]LogMaterial: Display: Missing cached shader map for material DebugViewMode MaterialTexCoordScale, compiling. 
[2019.12.07-13.58.15:741][396]LogMaterial: Display: Missing cached shader map for material DebugViewMode MaterialTexCoordScale, compiling. Is special engine material.
[2019.12.07-13.58.15:786][396]LogShaderCompilers: Display: Shaders left to compile 4
[2019.12.07-13.58.15:786][396]LogShaderCompilers: Display: Shaders left to compile 3
[2019.12.07-13.58.15:787][396]LogMaterial: Display: Missing cached shader map for material DebugViewMode MaterialTexCoordScale, compiling. 
[2019.12.07-13.58.15:797][396]LogMaterial: Display: Missing cached shader map for material DebugViewMode MaterialTexCoordScale, compiling. 
[2019.12.07-13.58.15:814][396]LogMaterial: Display: Missing cached shader map for material DebugViewMode MaterialTexCoordScale, compiling. 
[2019.12.07-13.58.15:825][396]LogMaterial: Display: Missing cached shader map for material DebugViewMode MaterialTexCoordScale, compiling. 
[2019.12.07-13.58.19:541][396]LogShaderCompilers: Display: Shaders left to compile 44
[2019.12.07-13.58.19:541][396]LogShaderCompilers: Display: Shaders left to compile 43
[2019.12.07-13.58.19:541][396]LogShaderCompilers: Display: Shaders left to compile 42
[2019.12.07-13.58.19:541][396]LogShaderCompilers: Display: Shaders left to compile 41
[2019.12.07-13.58.19:541][396]LogShaderCompilers: Display: Shaders left to compile 40
[2019.12.07-13.58.19:541][396]LogShaderCompilers: Display: Shaders left to compile 39
[2019.12.07-13.58.19:541][396]LogShaderCompilers: Display: Shaders left to compile 38
[2019.12.07-13.58.19:541][396]LogShaderCompilers: Display: Shaders left to compile 37
[2019.12.07-13.58.19:541][396]LogShaderCompilers: Display: Shaders left to compile 36
[2019.12.07-13.58.19:541][396]LogShaderCompilers: Display: Shaders left to compile 35
[2019.12.07-13.58.19:541][396]LogShaderCompilers: Display: Shaders left to compile 34
[2019.12.07-13.58.19:541][396]LogShaderCompilers: Display: Shaders left to compile 33
[2019.12.07-13.58.19:541][396]LogShaderCompilers: Display: Shaders left to compile 32
[2019.12.07-13.58.19:541][396]LogShaderCompilers: Display: Shaders left to compile 31
[2019.12.07-13.58.19:541][396]LogShaderCompilers: Display: Shaders left to compile 30
[2019.12.07-13.58.19:541][396]LogShaderCompilers: Display: Shaders left to compile 29
[2019.12.07-13.58.19:541][396]LogShaderCompilers: Display: Shaders left to compile 28
[2019.12.07-13.58.19:541][396]LogShaderCompilers: Display: Shaders left to compile 27
[2019.12.07-13.58.19:541][396]LogShaderCompilers: Display: Shaders left to compile 26
[2019.12.07-13.58.19:541][396]LogShaderCompilers: Display: Shaders left to compile 25
[2019.12.07-13.58.19:541][396]LogShaderCompilers: Display: Shaders left to compile 24
[2019.12.07-13.58.19:541][396]LogShaderCompilers: Display: Shaders left to compile 23
[2019.12.07-13.58.19:541][396]LogShaderCompilers: Display: Shaders left to compile 22
[2019.12.07-13.58.19:541][396]LogShaderCompilers: Display: Shaders left to compile 21
[2019.12.07-13.58.19:541][396]LogShaderCompilers: Display: Shaders left to compile 20
[2019.12.07-13.58.19:541][396]LogShaderCompilers: Display: Shaders left to compile 19
[2019.12.07-13.58.19:541][396]LogShaderCompilers: Display: Shaders left to compile 18
[2019.12.07-13.58.19:541][396]LogShaderCompilers: Display: Shaders left to compile 17
[2019.12.07-13.58.19:541][396]LogShaderCompilers: Display: Shaders left to compile 16
[2019.12.07-13.58.19:541][396]LogShaderCompilers: Display: Shaders left to compile 15
[2019.12.07-13.58.19:541][396]LogShaderCompilers: Display: Shaders left to compile 14
[2019.12.07-13.58.19:541][396]LogShaderCompilers: Display: Shaders left to compile 13
[2019.12.07-13.58.19:541][396]LogShaderCompilers: Display: Shaders left to compile 12
[2019.12.07-13.58.19:541][396]LogShaderCompilers: Display: Shaders left to compile 11
[2019.12.07-13.58.19:541][396]LogShaderCompilers: Display: Shaders left to compile 10
[2019.12.07-13.58.19:541][396]LogShaderCompilers: Display: Shaders left to compile 9
[2019.12.07-13.58.19:541][396]LogShaderCompilers: Display: Shaders left to compile 8
[2019.12.07-13.58.19:541][396]LogShaderCompilers: Display: Shaders left to compile 7
[2019.12.07-13.58.19:541][396]LogShaderCompilers: Display: Shaders left to compile 6
[2019.12.07-13.58.19:541][396]LogShaderCompilers: Display: Shaders left to compile 5
[2019.12.07-13.58.19:541][396]LogShaderCompilers: Display: Shaders left to compile 4
[2019.12.07-13.58.19:541][396]LogShaderCompilers: Display: Shaders left to compile 3
[2019.12.07-13.58.19:541][396]LogShaderCompilers: Display: Shaders left to compile 2
[2019.12.07-13.58.19:541][396]LogShaderCompilers: Display: Shaders left to compile 1
[2019.12.07-13.58.19:541][396]TextureStreamingBuild: Display: Compiling optional shaders took 3.838 seconds.
[2019.12.07-13.58.19:554][396]LogLevel: Display: Export Material TexCoord Scales took 0.013 seconds.
[2019.12.07-13.58.19:627][396]TextureStreamingBuild: Display: Build Texture Streaming took 0.072 seconds.
[2019.12.07-13.58.19:651][396]LogUObjectHash: Compacting FUObjectHashTables data took   0.68ms
[2019.12.07-13.58.19:651][396]LightingResults: New page: Lighting Build - 7 дек. 2019 г., 19:58:19
[2019.12.07-13.58.19:651][396]LogStaticLightingSystem: Warning: WorldSettings.bForceNoPrecomputedLighting is true, Skipping Lighting Build!
[2019.12.07-13.58.21:560][396]LogUObjectHash: Compacting FUObjectHashTables data took   0.68ms
[2019.12.07-13.58.21:560][396]Cmd: MAP CHECK DONTDISPLAYDIALOG
[2019.12.07-13.58.21:561][396]MapCheck: New page: ThirdPersonExampleMap - 7 дек. 2019 г., 19:58:21
[2019.12.07-13.58.21:562][396]MapCheck: Map check complete: 0 Error(s), 0 Warning(s), took 1,628ms to complete.
[2019.12.07-13.58.21:585][396]LogEditorBuildUtils: Build time 0:13
[2019.12.07-13.58.28:765][ 53]LogTemp: Repeating last play command: Selected Viewport
[2019.12.07-13.58.28:781][ 53]LogBlueprintUserMessages: Early PlayInEditor Detection: Level '/Game/ThirdPersonBP/Maps/ThirdPersonExampleMap.ThirdPersonExampleMap:PersistentLevel' has LevelScriptBlueprint '/Game/ThirdPersonBP/Maps/ThirdPersonExampleMap.ThirdPersonExampleMap:PersistentLevel.ThirdPersonExampleMap' with GeneratedClass '/Game/ThirdPersonBP/Maps/ThirdPersonExampleMap.ThirdPersonExampleMap_C' with ClassGeneratedBy '/Game/ThirdPersonBP/Maps/ThirdPersonExampleMap.ThirdPersonExampleMap:PersistentLevel.ThirdPersonExampleMap'
[2019.12.07-13.58.28:781][ 53]LogPlayLevel: PlayLevel: No blueprints needed recompiling
[2019.12.07-13.58.28:781][ 53]PIE: New page: PIE session: ThirdPersonExampleMap (7 дек. 2019 г., 19:58:28)
[2019.12.07-13.58.28:781][ 53]LogPlayLevel: Creating play world package: /Game/ThirdPersonBP/Maps/UEDPIE_0_ThirdPersonExampleMap
[2019.12.07-13.58.28:966][ 53]LogPlayLevel: PIE: StaticDuplicateObject took: (0.185220s)
[2019.12.07-13.58.28:967][ 53]LogAIModule: Creating AISystem for world ThirdPersonExampleMap
[2019.12.07-13.58.28:967][ 53]LogPlayLevel: PIE: World Init took: (0.000773s)
[2019.12.07-13.58.28:967][ 53]LogPlayLevel: PIE: Created PIE world by copying editor world from /Game/ThirdPersonBP/Maps/ThirdPersonExampleMap.ThirdPersonExampleMap to /Game/ThirdPersonBP/Maps/UEDPIE_0_ThirdPersonExampleMap.ThirdPersonExampleMap (0.186193s)
[2019.12.07-13.58.28:992][ 53]LogUObjectHash: Compacting FUObjectHashTables data took   1.32ms
[2019.12.07-13.58.29:006][ 53]LogInit: XAudio2 using 'Динамики (Realtek High Definition Audio)' : 2 channels at 48 kHz using 32 bits per sample (channel mask 0x3)
[2019.12.07-13.58.29:030][ 53]LogInit: FAudioDevice initialized.
[2019.12.07-13.58.29:063][ 53]LogLoad: Game class is 'ThirdPersonGameMode_C'
[2019.12.07-13.58.29:069][ 53]LogWorld: Bringing World /Game/ThirdPersonBP/Maps/UEDPIE_0_ThirdPersonExampleMap.ThirdPersonExampleMap up for play (max tick rate 0) at 2019.12.07-16.58.29
[2019.12.07-13.58.29:070][ 53]LogWorld: Bringing up level for play took: 0.005747
[2019.12.07-13.58.29:083][ 53]PIE: Play in editor start time for /Game/ThirdPersonBP/Maps/UEDPIE_0_ThirdPersonExampleMap 0,163
[2019.12.07-13.58.29:083][ 53]LogBlueprintUserMessages: Late PlayInEditor Detection: Level '/Game/ThirdPersonBP/Maps/ThirdPersonExampleMap.ThirdPersonExampleMap:PersistentLevel' has LevelScriptBlueprint '/Game/ThirdPersonBP/Maps/ThirdPersonExampleMap.ThirdPersonExampleMap:PersistentLevel.ThirdPersonExampleMap' with GeneratedClass '/Game/ThirdPersonBP/Maps/ThirdPersonExampleMap.ThirdPersonExampleMap_C' with ClassGeneratedBy '/Game/ThirdPersonBP/Maps/ThirdPersonExampleMap.ThirdPersonExampleMap:PersistentLevel.ThirdPersonExampleMap'
[2019.12.07-13.59.02:681][780]LogBlueprintUserMessages: Early EndPlayMap Detection: Level '/Game/ThirdPersonBP/Maps/ThirdPersonExampleMap.ThirdPersonExampleMap:PersistentLevel' has LevelScriptBlueprint '/Game/ThirdPersonBP/Maps/ThirdPersonExampleMap.ThirdPersonExampleMap:PersistentLevel.ThirdPersonExampleMap' with GeneratedClass '/Game/ThirdPersonBP/Maps/ThirdPersonExampleMap.ThirdPersonExampleMap_C' with ClassGeneratedBy '/Game/ThirdPersonBP/Maps/ThirdPersonExampleMap.ThirdPersonExampleMap:PersistentLevel.ThirdPersonExampleMap'
[2019.12.07-13.59.02:681][780]LogSlate: Updating window title bar state: overlay mode, drag disabled, window buttons hidden, title bar hidden
[2019.12.07-13.59.02:783][780]LogPlayLevel: Display: Shutting down PIE online subsystems
[2019.12.07-13.59.02:783][780]LogBlueprintUserMessages: Late EndPlayMap Detection: Level '/Game/ThirdPersonBP/Maps/ThirdPersonExampleMap.ThirdPersonExampleMap:PersistentLevel' has LevelScriptBlueprint '/Game/ThirdPersonBP/Maps/ThirdPersonExampleMap.ThirdPersonExampleMap:PersistentLevel.ThirdPersonExampleMap' with GeneratedClass '/Game/ThirdPersonBP/Maps/ThirdPersonExampleMap.ThirdPersonExampleMap_C' with ClassGeneratedBy '/Game/ThirdPersonBP/Maps/ThirdPersonExampleMap.ThirdPersonExampleMap:PersistentLevel.ThirdPersonExampleMap'
[2019.12.07-13.59.02:814][780]LogSlate: Updating window title bar state: overlay mode, drag disabled, window buttons hidden, title bar hidden
[2019.12.07-13.59.02:819][780]LogUObjectHash: Compacting FUObjectHashTables data took   1.36ms
[2019.12.07-13.59.02:891][781]LogPlayLevel: Display: Destroying online subsystem :Context_3
[2019.12.07-13.59.13:572][177]LogUnrealEdMisc: Warning: Heartbeat event firing too frequently (51.965 sec). This should never happen. Something is wrong with the timer delegate!
[2019.12.07-13.59.43:513][543]Cmd: CAMERA ALIGN ACTIVEVIEWPORTONLY
[2019.12.07-14.02.57:015][985]LogUObjectHash: Compacting FUObjectHashTables data took   1.51ms
[2019.12.07-14.02.57:931][985]LogSavePackage: Moving '../../../../../../Users/PC/Documents/GitHub/Gothic-Platformer/Prototype_01/Saved/ThirdPersonExampleMap_Auto12FD45EA94D89B47A12B82F8D03D3BD1E.tmp' to '../../../../../../Users/PC/Documents/GitHub/Gothic-Platformer/Prototype_01/Saved/Autosaves/Game/ThirdPersonBP/Maps/ThirdPersonExampleMap_Auto1.umap'
[2019.12.07-14.02.57:947][985]LogFileHelpers: Editor autosave (incl. sublevels) for '/Game/ThirdPersonBP/Maps/ThirdPersonExampleMap' took 0.955
[2019.12.07-14.02.57:947][985]LogFileHelpers: Editor autosave (incl. sublevels) for all levels took 0.955
[2019.12.07-14.04.20:753][507]LogSlate: FSceneViewport::OnFocusLost() reason 0
[2019.12.07-14.04.20:840][517]LogTemp: Repeating last play command: Selected Viewport
[2019.12.07-14.04.20:855][517]LogBlueprintUserMessages: Early PlayInEditor Detection: Level '/Game/ThirdPersonBP/Maps/ThirdPersonExampleMap.ThirdPersonExampleMap:PersistentLevel' has LevelScriptBlueprint '/Game/ThirdPersonBP/Maps/ThirdPersonExampleMap.ThirdPersonExampleMap:PersistentLevel.ThirdPersonExampleMap' with GeneratedClass '/Game/ThirdPersonBP/Maps/ThirdPersonExampleMap.ThirdPersonExampleMap_C' with ClassGeneratedBy '/Game/ThirdPersonBP/Maps/ThirdPersonExampleMap.ThirdPersonExampleMap:PersistentLevel.ThirdPersonExampleMap'
[2019.12.07-14.04.20:855][517]LogPlayLevel: PlayLevel: No blueprints needed recompiling
[2019.12.07-14.04.20:855][517]PIE: New page: PIE session: ThirdPersonExampleMap (7 дек. 2019 г., 20:04:20)
[2019.12.07-14.04.20:855][517]LogPlayLevel: Creating play world package: /Game/ThirdPersonBP/Maps/UEDPIE_0_ThirdPersonExampleMap
[2019.12.07-14.04.21:030][517]LogPlayLevel: PIE: StaticDuplicateObject took: (0.174711s)
[2019.12.07-14.04.21:031][517]LogAIModule: Creating AISystem for world ThirdPersonExampleMap
[2019.12.07-14.04.21:031][517]LogPlayLevel: PIE: World Init took: (0.000922s)
[2019.12.07-14.04.21:031][517]LogPlayLevel: PIE: Created PIE world by copying editor world from /Game/ThirdPersonBP/Maps/ThirdPersonExampleMap.ThirdPersonExampleMap to /Game/ThirdPersonBP/Maps/UEDPIE_0_ThirdPersonExampleMap.ThirdPersonExampleMap (0.175835s)
[2019.12.07-14.04.21:056][517]LogUObjectHash: Compacting FUObjectHashTables data took   2.14ms
[2019.12.07-14.04.21:069][517]LogInit: XAudio2 using 'Динамики (Realtek High Definition Audio)' : 2 channels at 48 kHz using 32 bits per sample (channel mask 0x3)
[2019.12.07-14.04.21:092][517]LogInit: FAudioDevice initialized.
[2019.12.07-14.04.21:125][517]LogLoad: Game class is 'ThirdPersonGameMode_C'
[2019.12.07-14.04.21:132][517]LogWorld: Bringing World /Game/ThirdPersonBP/Maps/UEDPIE_0_ThirdPersonExampleMap.ThirdPersonExampleMap up for play (max tick rate 0) at 2019.12.07-17.04.21
[2019.12.07-14.04.21:132][517]LogWorld: Bringing up level for play took: 0.006063
[2019.12.07-14.04.21:145][517]PIE: Play in editor start time for /Game/ThirdPersonBP/Maps/UEDPIE_0_ThirdPersonExampleMap 0,225
[2019.12.07-14.04.21:154][517]LogBlueprintUserMessages: Late PlayInEditor Detection: Level '/Game/ThirdPersonBP/Maps/ThirdPersonExampleMap.ThirdPersonExampleMap:PersistentLevel' has LevelScriptBlueprint '/Game/ThirdPersonBP/Maps/ThirdPersonExampleMap.ThirdPersonExampleMap:PersistentLevel.ThirdPersonExampleMap' with GeneratedClass '/Game/ThirdPersonBP/Maps/ThirdPersonExampleMap.ThirdPersonExampleMap_C' with ClassGeneratedBy '/Game/ThirdPersonBP/Maps/ThirdPersonExampleMap.ThirdPersonExampleMap:PersistentLevel.ThirdPersonExampleMap'
[2019.12.07-14.04.38:591][297]LogBlueprintUserMessages: Early EndPlayMap Detection: Level '/Game/ThirdPersonBP/Maps/ThirdPersonExampleMap.ThirdPersonExampleMap:PersistentLevel' has LevelScriptBlueprint '/Game/ThirdPersonBP/Maps/ThirdPersonExampleMap.ThirdPersonExampleMap:PersistentLevel.ThirdPersonExampleMap' with GeneratedClass '/Game/ThirdPersonBP/Maps/ThirdPersonExampleMap.ThirdPersonExampleMap_C' with ClassGeneratedBy '/Game/ThirdPersonBP/Maps/ThirdPersonExampleMap.ThirdPersonExampleMap:PersistentLevel.ThirdPersonExampleMap'
[2019.12.07-14.04.38:592][297]LogSlate: Updating window title bar state: overlay mode, drag disabled, window buttons hidden, title bar hidden
[2019.12.07-14.04.38:691][297]LogPlayLevel: Display: Shutting down PIE online subsystems
[2019.12.07-14.04.38:692][297]LogBlueprintUserMessages: Late EndPlayMap Detection: Level '/Game/ThirdPersonBP/Maps/ThirdPersonExampleMap.ThirdPersonExampleMap:PersistentLevel' has LevelScriptBlueprint '/Game/ThirdPersonBP/Maps/ThirdPersonExampleMap.ThirdPersonExampleMap:PersistentLevel.ThirdPersonExampleMap' with GeneratedClass '/Game/ThirdPersonBP/Maps/ThirdPersonExampleMap.ThirdPersonExampleMap_C' with ClassGeneratedBy '/Game/ThirdPersonBP/Maps/ThirdPersonExampleMap.ThirdPersonExampleMap:PersistentLevel.ThirdPersonExampleMap'
[2019.12.07-14.04.38:720][297]LogSlate: Updating window title bar state: overlay mode, drag disabled, window buttons hidden, title bar hidden
[2019.12.07-14.04.38:725][297]LogUObjectHash: Compacting FUObjectHashTables data took   1.67ms
[2019.12.07-14.04.38:746][298]LogPlayLevel: Display: Destroying online subsystem :Context_4
